{"C:/Users/johnn/UNI/4.Semester/Projekt 4/Projekt4_Frontend-WebApp/src/App.tsx": {"path":"C:/Users/johnn/UNI/4.Semester/Projekt 4/Projekt4_Frontend-WebApp/src/App.tsx","statementMap":{"0":{"start":{"line":10,"column":2},"end":{"line":10,"column":null}},"1":{"start":{"line":12,"column":2},"end":{"line":23,"column":null}}},"fnMap":{"0":{"name":"App","decl":{"start":{"line":8,"column":9},"end":{"line":8,"column":15}},"loc":{"start":{"line":8,"column":15},"end":{"line":25,"column":null}}}},"branchMap":{},"s":{"0":2,"1":2},"f":{"0":2},"b":{}}
,"C:/Users/johnn/UNI/4.Semester/Projekt 4/Projekt4_Frontend-WebApp/src/components/Header.tsx": {"path":"C:/Users/johnn/UNI/4.Semester/Projekt 4/Projekt4_Frontend-WebApp/src/components/Header.tsx","statementMap":{"0":{"start":{"line":10,"column":30},"end":{"line":10,"column":null}},"1":{"start":{"line":11,"column":39},"end":{"line":11,"column":null}},"2":{"start":{"line":12,"column":27},"end":{"line":12,"column":null}},"3":{"start":{"line":13,"column":16},"end":{"line":13,"column":null}},"4":{"start":{"line":15,"column":2},"end":{"line":85,"column":null}},"5":{"start":{"line":40,"column":20},"end":{"line":43,"column":null}},"6":{"start":{"line":74,"column":20},"end":{"line":77,"column":null}}},"fnMap":{"0":{"name":"Header","decl":{"start":{"line":9,"column":24},"end":{"line":9,"column":33}},"loc":{"start":{"line":9,"column":33},"end":{"line":87,"column":null}}},"1":{"name":"(anonymous_1)","decl":{"start":{"line":39,"column":33},"end":{"line":39,"column":34}},"loc":{"start":{"line":40,"column":20},"end":{"line":43,"column":null}}},"2":{"name":"(anonymous_2)","decl":{"start":{"line":73,"column":33},"end":{"line":73,"column":34}},"loc":{"start":{"line":74,"column":20},"end":{"line":77,"column":null}}}},"branchMap":{"0":{"loc":{"start":{"line":42,"column":23},"end":{"line":42,"column":null}},"type":"binary-expr","locations":[{"start":{"line":42,"column":23},"end":{"line":42,"column":55}},{"start":{"line":42,"column":55},"end":{"line":42,"column":null}}]},"1":{"loc":{"start":{"line":56,"column":19},"end":{"line":69,"column":null}},"type":"cond-expr","locations":[{"start":{"line":57,"column":20},"end":{"line":62,"column":null}},{"start":{"line":64,"column":20},"end":{"line":69,"column":null}}]},"2":{"loc":{"start":{"line":76,"column":23},"end":{"line":76,"column":null}},"type":"binary-expr","locations":[{"start":{"line":76,"column":23},"end":{"line":76,"column":55}},{"start":{"line":76,"column":55},"end":{"line":76,"column":null}}]}},"s":{"0":7,"1":7,"2":7,"3":7,"4":7,"5":14,"6":14},"f":{"0":7,"1":14,"2":14},"b":{"0":[14,7],"1":[1,6],"2":[14,7]}}
,"C:/Users/johnn/UNI/4.Semester/Projekt 4/Projekt4_Frontend-WebApp/src/components/Inner.tsx": {"path":"C:/Users/johnn/UNI/4.Semester/Projekt 4/Projekt4_Frontend-WebApp/src/components/Inner.tsx","statementMap":{"0":{"start":{"line":7,"column":13},"end":{"line":12,"column":null}},"1":{"start":{"line":7,"column":38},"end":{"line":12,"column":null}},"2":{"start":{"line":20,"column":19},"end":{"line":20,"column":null}},"3":{"start":{"line":22,"column":2},"end":{"line":37,"column":null}}},"fnMap":{"0":{"name":"(anonymous_0)","decl":{"start":{"line":7,"column":13},"end":{"line":7,"column":14}},"loc":{"start":{"line":7,"column":38},"end":{"line":12,"column":null}}},"1":{"name":"Inner","decl":{"start":{"line":19,"column":24},"end":{"line":19,"column":30}},"loc":{"start":{"line":19,"column":75},"end":{"line":39,"column":null}}}},"branchMap":{"0":{"loc":{"start":{"line":19,"column":42},"end":{"line":19,"column":60}},"type":"default-arg","locations":[{"start":{"line":19,"column":55},"end":{"line":19,"column":60}}]},"1":{"loc":{"start":{"line":31,"column":11},"end":{"line":31,"column":null}},"type":"binary-expr","locations":[{"start":{"line":31,"column":11},"end":{"line":31,"column":25}},{"start":{"line":31,"column":25},"end":{"line":31,"column":null}}]}},"s":{"0":2,"1":33,"2":11,"3":11},"f":{"0":33,"1":11},"b":{"0":[3],"1":[11,4]}}
,"C:/Users/johnn/UNI/4.Semester/Projekt 4/Projekt4_Frontend-WebApp/src/components/JobDetail.tsx": {"path":"C:/Users/johnn/UNI/4.Semester/Projekt 4/Projekt4_Frontend-WebApp/src/components/JobDetail.tsx","statementMap":{"0":{"start":{"line":18,"column":19},"end":{"line":18,"column":null}},"1":{"start":{"line":19,"column":16},"end":{"line":19,"column":null}},"2":{"start":{"line":22,"column":19},"end":{"line":30,"column":null}},"3":{"start":{"line":33,"column":26},"end":{"line":41,"column":null}},"4":{"start":{"line":44,"column":23},"end":{"line":48,"column":null}},"5":{"start":{"line":51,"column":26},"end":{"line":57,"column":null}},"6":{"start":{"line":75,"column":6},"end":{"line":75,"column":null}},"7":{"start":{"line":77,"column":2},"end":{"line":83,"column":null}},"8":{"start":{"line":78,"column":4},"end":{"line":81,"column":null}},"9":{"start":{"line":86,"column":29},"end":{"line":89,"column":null}},"10":{"start":{"line":87,"column":17},"end":{"line":87,"column":null}},"11":{"start":{"line":88,"column":4},"end":{"line":88,"column":null}},"12":{"start":{"line":92,"column":25},"end":{"line":97,"column":null}},"13":{"start":{"line":93,"column":18},"end":{"line":93,"column":null}},"14":{"start":{"line":94,"column":29},"end":{"line":94,"column":null}},"15":{"start":{"line":95,"column":4},"end":{"line":95,"column":null}},"16":{"start":{"line":96,"column":4},"end":{"line":96,"column":null}},"17":{"start":{"line":99,"column":2},"end":{"line":360,"column":null}},"18":{"start":{"line":179,"column":44},"end":{"line":179,"column":null}},"19":{"start":{"line":186,"column":22},"end":{"line":188,"column":null}},"20":{"start":{"line":199,"column":44},"end":{"line":199,"column":null}},"21":{"start":{"line":206,"column":22},"end":{"line":208,"column":null}},"22":{"start":{"line":219,"column":20},"end":{"line":231,"column":null}},"23":{"start":{"line":223,"column":39},"end":{"line":223,"column":null}},"24":{"start":{"line":245,"column":22},"end":{"line":310,"column":null}},"25":{"start":{"line":249,"column":41},"end":{"line":249,"column":null}},"26":{"start":{"line":260,"column":56},"end":{"line":260,"column":null}},"27":{"start":{"line":267,"column":34},"end":{"line":269,"column":null}},"28":{"start":{"line":283,"column":47},"end":{"line":283,"column":null}},"29":{"start":{"line":294,"column":47},"end":{"line":294,"column":null}},"30":{"start":{"line":305,"column":47},"end":{"line":305,"column":null}},"31":{"start":{"line":332,"column":37},"end":{"line":332,"column":null}},"32":{"start":{"line":339,"column":73},"end":{"line":339,"column":null}},"33":{"start":{"line":349,"column":38},"end":{"line":349,"column":null}}},"fnMap":{"0":{"name":"JobDetail","decl":{"start":{"line":17,"column":24},"end":{"line":17,"column":36}},"loc":{"start":{"line":17,"column":36},"end":{"line":362,"column":null}}},"1":{"name":"(anonymous_1)","decl":{"start":{"line":86,"column":29},"end":{"line":86,"column":30}},"loc":{"start":{"line":86,"column":60},"end":{"line":89,"column":null}}},"2":{"name":"(anonymous_2)","decl":{"start":{"line":92,"column":25},"end":{"line":92,"column":26}},"loc":{"start":{"line":92,"column":57},"end":{"line":97,"column":null}}},"3":{"name":"(anonymous_3)","decl":{"start":{"line":179,"column":33},"end":{"line":179,"column":34}},"loc":{"start":{"line":179,"column":44},"end":{"line":179,"column":null}}},"4":{"name":"(anonymous_4)","decl":{"start":{"line":185,"column":38},"end":{"line":185,"column":39}},"loc":{"start":{"line":186,"column":22},"end":{"line":188,"column":null}}},"5":{"name":"(anonymous_5)","decl":{"start":{"line":199,"column":33},"end":{"line":199,"column":34}},"loc":{"start":{"line":199,"column":44},"end":{"line":199,"column":null}}},"6":{"name":"(anonymous_6)","decl":{"start":{"line":205,"column":41},"end":{"line":205,"column":42}},"loc":{"start":{"line":206,"column":22},"end":{"line":208,"column":null}}},"7":{"name":"(anonymous_7)","decl":{"start":{"line":218,"column":32},"end":{"line":218,"column":33}},"loc":{"start":{"line":219,"column":20},"end":{"line":231,"column":null}}},"8":{"name":"(anonymous_8)","decl":{"start":{"line":223,"column":33},"end":{"line":223,"column":39}},"loc":{"start":{"line":223,"column":39},"end":{"line":223,"column":null}}},"9":{"name":"(anonymous_9)","decl":{"start":{"line":244,"column":43},"end":{"line":244,"column":44}},"loc":{"start":{"line":245,"column":22},"end":{"line":310,"column":null}}},"10":{"name":"(anonymous_10)","decl":{"start":{"line":249,"column":35},"end":{"line":249,"column":41}},"loc":{"start":{"line":249,"column":41},"end":{"line":249,"column":null}}},"11":{"name":"(anonymous_11)","decl":{"start":{"line":260,"column":45},"end":{"line":260,"column":46}},"loc":{"start":{"line":260,"column":56},"end":{"line":260,"column":null}}},"12":{"name":"(anonymous_12)","decl":{"start":{"line":266,"column":53},"end":{"line":266,"column":54}},"loc":{"start":{"line":267,"column":34},"end":{"line":269,"column":null}}},"13":{"name":"(anonymous_13)","decl":{"start":{"line":283,"column":40},"end":{"line":283,"column":41}},"loc":{"start":{"line":283,"column":47},"end":{"line":283,"column":null}}},"14":{"name":"(anonymous_14)","decl":{"start":{"line":294,"column":40},"end":{"line":294,"column":41}},"loc":{"start":{"line":294,"column":47},"end":{"line":294,"column":null}}},"15":{"name":"(anonymous_15)","decl":{"start":{"line":305,"column":40},"end":{"line":305,"column":41}},"loc":{"start":{"line":305,"column":47},"end":{"line":305,"column":null}}},"16":{"name":"(anonymous_16)","decl":{"start":{"line":332,"column":31},"end":{"line":332,"column":37}},"loc":{"start":{"line":332,"column":37},"end":{"line":332,"column":null}}},"17":{"name":"(anonymous_17)","decl":{"start":{"line":339,"column":67},"end":{"line":339,"column":73}},"loc":{"start":{"line":339,"column":73},"end":{"line":339,"column":null}}},"18":{"name":"(anonymous_18)","decl":{"start":{"line":349,"column":31},"end":{"line":349,"column":32}},"loc":{"start":{"line":349,"column":38},"end":{"line":349,"column":null}}}},"branchMap":{"0":{"loc":{"start":{"line":77,"column":2},"end":{"line":83,"column":null}},"type":"if","locations":[{"start":{"line":77,"column":2},"end":{"line":83,"column":null}},{"start":{"line":77,"column":2},"end":{"line":83,"column":null}}]},"1":{"loc":{"start":{"line":103,"column":11},"end":{"line":118,"column":null}},"type":"cond-expr","locations":[{"start":{"line":104,"column":12},"end":{"line":108,"column":null}},{"start":{"line":110,"column":12},"end":{"line":118,"column":null}}]},"2":{"loc":{"start":{"line":113,"column":73},"end":{"line":113,"column":95}},"type":"binary-expr","locations":[{"start":{"line":113,"column":73},"end":{"line":113,"column":92}},{"start":{"line":113,"column":92},"end":{"line":113,"column":95}}]},"3":{"loc":{"start":{"line":122,"column":13},"end":{"line":125,"column":null}},"type":"binary-expr","locations":[{"start":{"line":122,"column":13},"end":{"line":122,"column":null}},{"start":{"line":123,"column":14},"end":{"line":125,"column":null}}]},"4":{"loc":{"start":{"line":137,"column":27},"end":{"line":137,"column":null}},"type":"binary-expr","locations":[{"start":{"line":137,"column":27},"end":{"line":137,"column":40}},{"start":{"line":137,"column":40},"end":{"line":137,"column":null}}]},"5":{"loc":{"start":{"line":147,"column":46},"end":{"line":147,"column":null}},"type":"cond-expr","locations":[{"start":{"line":147,"column":57},"end":{"line":147,"column":92}},{"start":{"line":147,"column":92},"end":{"line":147,"column":null}}]},"6":{"loc":{"start":{"line":151,"column":25},"end":{"line":151,"column":null}},"type":"binary-expr","locations":[{"start":{"line":151,"column":25},"end":{"line":151,"column":44}},{"start":{"line":151,"column":44},"end":{"line":151,"column":null}}]},"7":{"loc":{"start":{"line":167,"column":25},"end":{"line":167,"column":null}},"type":"binary-expr","locations":[{"start":{"line":167,"column":25},"end":{"line":167,"column":43}},{"start":{"line":167,"column":43},"end":{"line":167,"column":null}}]},"8":{"loc":{"start":{"line":178,"column":25},"end":{"line":178,"column":null}},"type":"binary-expr","locations":[{"start":{"line":178,"column":25},"end":{"line":178,"column":40}},{"start":{"line":178,"column":40},"end":{"line":178,"column":null}}]},"9":{"loc":{"start":{"line":198,"column":25},"end":{"line":198,"column":null}},"type":"binary-expr","locations":[{"start":{"line":198,"column":25},"end":{"line":198,"column":47}},{"start":{"line":198,"column":47},"end":{"line":198,"column":null}}]},"10":{"loc":{"start":{"line":240,"column":17},"end":{"line":312,"column":null}},"type":"cond-expr","locations":[{"start":{"line":241,"column":18},"end":{"line":241,"column":null}},{"start":{"line":243,"column":18},"end":{"line":312,"column":null}}]},"11":{"loc":{"start":{"line":328,"column":19},"end":{"line":335,"column":null}},"type":"binary-expr","locations":[{"start":{"line":328,"column":19},"end":{"line":328,"column":32}},{"start":{"line":328,"column":32},"end":{"line":328,"column":null}},{"start":{"line":329,"column":20},"end":{"line":335,"column":null}}]},"12":{"loc":{"start":{"line":343,"column":21},"end":{"line":343,"column":null}},"type":"cond-expr","locations":[{"start":{"line":343,"column":32},"end":{"line":343,"column":54}},{"start":{"line":343,"column":54},"end":{"line":343,"column":null}}]},"13":{"loc":{"start":{"line":343,"column":54},"end":{"line":343,"column":null}},"type":"cond-expr","locations":[{"start":{"line":343,"column":65},"end":{"line":343,"column":90}},{"start":{"line":343,"column":90},"end":{"line":343,"column":null}}]},"14":{"loc":{"start":{"line":346,"column":19},"end":{"line":352,"column":null}},"type":"binary-expr","locations":[{"start":{"line":346,"column":19},"end":{"line":346,"column":null}},{"start":{"line":347,"column":20},"end":{"line":352,"column":null}}]}},"s":{"0":16,"1":16,"2":16,"3":16,"4":16,"5":16,"6":16,"7":16,"8":1,"9":15,"10":6,"11":6,"12":15,"13":0,"14":0,"15":0,"16":0,"17":15,"18":0,"19":45,"20":0,"21":75,"22":105,"23":1,"24":3,"25":1,"26":0,"27":21,"28":0,"29":0,"30":0,"31":0,"32":0,"33":1},"f":{"0":16,"1":6,"2":0,"3":0,"4":45,"5":0,"6":75,"7":105,"8":1,"9":3,"10":1,"11":0,"12":21,"13":0,"14":0,"15":0,"16":0,"17":0,"18":1},"b":{"0":[1,15],"1":[2,13],"2":[13,0],"3":[15,1],"4":[15,0],"5":[2,13],"6":[15,0],"7":[15,0],"8":[15,0],"9":[15,0],"10":[12,3],"11":[15,13,13],"12":[1,14],"13":[2,12],"14":[15,13]}}
,"C:/Users/johnn/UNI/4.Semester/Projekt 4/Projekt4_Frontend-WebApp/src/components/Login.tsx": {"path":"C:/Users/johnn/UNI/4.Semester/Projekt 4/Projekt4_Frontend-WebApp/src/components/Login.tsx","statementMap":{"0":{"start":{"line":31,"column":2},"end":{"line":102,"column":null}}},"fnMap":{"0":{"name":"Login","decl":{"start":{"line":19,"column":16},"end":{"line":19,"column":22}},"loc":{"start":{"line":30,"column":15},"end":{"line":104,"column":null}}}},"branchMap":{"0":{"loc":{"start":{"line":39,"column":11},"end":{"line":42,"column":null}},"type":"binary-expr","locations":[{"start":{"line":39,"column":11},"end":{"line":39,"column":null}},{"start":{"line":40,"column":12},"end":{"line":42,"column":null}}]},"1":{"loc":{"start":{"line":88,"column":15},"end":{"line":88,"column":null}},"type":"cond-expr","locations":[{"start":{"line":88,"column":27},"end":{"line":88,"column":45}},{"start":{"line":88,"column":45},"end":{"line":88,"column":null}}]}},"s":{"0":13},"f":{"0":13},"b":{"0":[13,1],"1":[1,12]}}
,"C:/Users/johnn/UNI/4.Semester/Projekt 4/Projekt4_Frontend-WebApp/src/components/PaycheckCompare.tsx": {"path":"C:/Users/johnn/UNI/4.Semester/Projekt 4/Projekt4_Frontend-WebApp/src/components/PaycheckCompare.tsx","statementMap":{"0":{"start":{"line":22,"column":6},"end":{"line":22,"column":null}},"1":{"start":{"line":24,"column":2},"end":{"line":394,"column":null}}},"fnMap":{"0":{"name":"PaycheckCompare","decl":{"start":{"line":13,"column":24},"end":{"line":13,"column":40}},"loc":{"start":{"line":13,"column":111},"end":{"line":396,"column":null}}}},"branchMap":{"0":{"loc":{"start":{"line":13,"column":70},"end":{"line":13,"column":86}},"type":"default-arg","locations":[{"start":{"line":13,"column":80},"end":{"line":13,"column":86}}]},"1":{"loc":{"start":{"line":30,"column":7},"end":{"line":392,"column":null}},"type":"cond-expr","locations":[{"start":{"line":31,"column":8},"end":{"line":31,"column":null}},{"start":{"line":32,"column":10},"end":{"line":392,"column":null}}]},"2":{"loc":{"start":{"line":32,"column":10},"end":{"line":392,"column":null}},"type":"cond-expr","locations":[{"start":{"line":33,"column":8},"end":{"line":35,"column":null}},{"start":{"line":37,"column":8},"end":{"line":392,"column":null}}]},"3":{"loc":{"start":{"line":72,"column":17},"end":{"line":75,"column":null}},"type":"cond-expr","locations":[{"start":{"line":73,"column":18},"end":{"line":73,"column":null}},{"start":{"line":75,"column":18},"end":{"line":75,"column":null}}]},"4":{"loc":{"start":{"line":77,"column":33},"end":{"line":77,"column":null}},"type":"cond-expr","locations":[{"start":{"line":77,"column":124},"end":{"line":77,"column":143}},{"start":{"line":77,"column":143},"end":{"line":77,"column":null}}]},"5":{"loc":{"start":{"line":105,"column":17},"end":{"line":108,"column":null}},"type":"cond-expr","locations":[{"start":{"line":106,"column":18},"end":{"line":106,"column":null}},{"start":{"line":108,"column":18},"end":{"line":108,"column":null}}]},"6":{"loc":{"start":{"line":110,"column":33},"end":{"line":110,"column":null}},"type":"cond-expr","locations":[{"start":{"line":110,"column":122},"end":{"line":110,"column":141}},{"start":{"line":110,"column":141},"end":{"line":110,"column":null}}]},"7":{"loc":{"start":{"line":140,"column":17},"end":{"line":143,"column":null}},"type":"cond-expr","locations":[{"start":{"line":141,"column":18},"end":{"line":141,"column":null}},{"start":{"line":143,"column":18},"end":{"line":143,"column":null}}]},"8":{"loc":{"start":{"line":145,"column":33},"end":{"line":145,"column":null}},"type":"cond-expr","locations":[{"start":{"line":145,"column":100},"end":{"line":145,"column":119}},{"start":{"line":145,"column":119},"end":{"line":145,"column":null}}]},"9":{"loc":{"start":{"line":174,"column":17},"end":{"line":177,"column":null}},"type":"cond-expr","locations":[{"start":{"line":175,"column":18},"end":{"line":175,"column":null}},{"start":{"line":177,"column":18},"end":{"line":177,"column":null}}]},"10":{"loc":{"start":{"line":179,"column":33},"end":{"line":179,"column":null}},"type":"cond-expr","locations":[{"start":{"line":179,"column":116},"end":{"line":179,"column":135}},{"start":{"line":179,"column":135},"end":{"line":179,"column":null}}]},"11":{"loc":{"start":{"line":207,"column":17},"end":{"line":210,"column":null}},"type":"cond-expr","locations":[{"start":{"line":208,"column":18},"end":{"line":208,"column":null}},{"start":{"line":210,"column":18},"end":{"line":210,"column":null}}]},"12":{"loc":{"start":{"line":212,"column":33},"end":{"line":212,"column":null}},"type":"cond-expr","locations":[{"start":{"line":212,"column":122},"end":{"line":212,"column":141}},{"start":{"line":212,"column":141},"end":{"line":212,"column":null}}]},"13":{"loc":{"start":{"line":240,"column":17},"end":{"line":243,"column":null}},"type":"cond-expr","locations":[{"start":{"line":241,"column":18},"end":{"line":241,"column":null}},{"start":{"line":243,"column":18},"end":{"line":243,"column":null}}]},"14":{"loc":{"start":{"line":245,"column":33},"end":{"line":245,"column":null}},"type":"cond-expr","locations":[{"start":{"line":245,"column":116},"end":{"line":245,"column":135}},{"start":{"line":245,"column":135},"end":{"line":245,"column":null}}]},"15":{"loc":{"start":{"line":267,"column":15},"end":{"line":271,"column":null}},"type":"binary-expr","locations":[{"start":{"line":267,"column":15},"end":{"line":267,"column":null}},{"start":{"line":268,"column":16},"end":{"line":271,"column":null}}]},"16":{"loc":{"start":{"line":273,"column":15},"end":{"line":277,"column":null}},"type":"binary-expr","locations":[{"start":{"line":273,"column":15},"end":{"line":273,"column":null}},{"start":{"line":274,"column":16},"end":{"line":277,"column":null}}]},"17":{"loc":{"start":{"line":283,"column":17},"end":{"line":286,"column":null}},"type":"cond-expr","locations":[{"start":{"line":284,"column":18},"end":{"line":284,"column":null}},{"start":{"line":286,"column":18},"end":{"line":286,"column":null}}]},"18":{"loc":{"start":{"line":283,"column":37},"end":{"line":283,"column":69}},"type":"binary-expr","locations":[{"start":{"line":283,"column":37},"end":{"line":283,"column":66}},{"start":{"line":283,"column":66},"end":{"line":283,"column":69}}]},"19":{"loc":{"start":{"line":288,"column":33},"end":{"line":288,"column":null}},"type":"cond-expr","locations":[{"start":{"line":288,"column":113},"end":{"line":288,"column":132}},{"start":{"line":288,"column":132},"end":{"line":288,"column":null}}]},"20":{"loc":{"start":{"line":288,"column":53},"end":{"line":288,"column":85}},"type":"binary-expr","locations":[{"start":{"line":288,"column":53},"end":{"line":288,"column":82}},{"start":{"line":288,"column":82},"end":{"line":288,"column":85}}]},"21":{"loc":{"start":{"line":289,"column":54},"end":{"line":289,"column":86}},"type":"binary-expr","locations":[{"start":{"line":289,"column":54},"end":{"line":289,"column":83}},{"start":{"line":289,"column":83},"end":{"line":289,"column":86}}]},"22":{"loc":{"start":{"line":310,"column":15},"end":{"line":314,"column":null}},"type":"binary-expr","locations":[{"start":{"line":310,"column":15},"end":{"line":310,"column":null}},{"start":{"line":311,"column":16},"end":{"line":314,"column":null}}]},"23":{"loc":{"start":{"line":316,"column":15},"end":{"line":320,"column":null}},"type":"binary-expr","locations":[{"start":{"line":316,"column":15},"end":{"line":316,"column":null}},{"start":{"line":317,"column":16},"end":{"line":320,"column":null}}]},"24":{"loc":{"start":{"line":326,"column":17},"end":{"line":329,"column":null}},"type":"cond-expr","locations":[{"start":{"line":327,"column":18},"end":{"line":327,"column":null}},{"start":{"line":329,"column":18},"end":{"line":329,"column":null}}]},"25":{"loc":{"start":{"line":326,"column":37},"end":{"line":326,"column":79}},"type":"binary-expr","locations":[{"start":{"line":326,"column":37},"end":{"line":326,"column":76}},{"start":{"line":326,"column":76},"end":{"line":326,"column":79}}]},"26":{"loc":{"start":{"line":331,"column":33},"end":{"line":331,"column":null}},"type":"cond-expr","locations":[{"start":{"line":331,"column":133},"end":{"line":331,"column":152}},{"start":{"line":331,"column":152},"end":{"line":331,"column":null}}]},"27":{"loc":{"start":{"line":331,"column":53},"end":{"line":331,"column":95}},"type":"binary-expr","locations":[{"start":{"line":331,"column":53},"end":{"line":331,"column":92}},{"start":{"line":331,"column":92},"end":{"line":331,"column":95}}]},"28":{"loc":{"start":{"line":332,"column":54},"end":{"line":332,"column":96}},"type":"binary-expr","locations":[{"start":{"line":332,"column":54},"end":{"line":332,"column":93}},{"start":{"line":332,"column":93},"end":{"line":332,"column":96}}]},"29":{"loc":{"start":{"line":353,"column":15},"end":{"line":357,"column":null}},"type":"binary-expr","locations":[{"start":{"line":353,"column":15},"end":{"line":353,"column":null}},{"start":{"line":354,"column":16},"end":{"line":357,"column":null}}]},"30":{"loc":{"start":{"line":359,"column":15},"end":{"line":363,"column":null}},"type":"binary-expr","locations":[{"start":{"line":359,"column":15},"end":{"line":359,"column":null}},{"start":{"line":360,"column":16},"end":{"line":363,"column":null}}]},"31":{"loc":{"start":{"line":369,"column":17},"end":{"line":372,"column":null}},"type":"cond-expr","locations":[{"start":{"line":370,"column":18},"end":{"line":370,"column":null}},{"start":{"line":372,"column":18},"end":{"line":372,"column":null}}]},"32":{"loc":{"start":{"line":369,"column":37},"end":{"line":369,"column":74}},"type":"binary-expr","locations":[{"start":{"line":369,"column":37},"end":{"line":369,"column":71}},{"start":{"line":369,"column":71},"end":{"line":369,"column":74}}]},"33":{"loc":{"start":{"line":374,"column":33},"end":{"line":374,"column":null}},"type":"cond-expr","locations":[{"start":{"line":374,"column":123},"end":{"line":374,"column":142}},{"start":{"line":374,"column":142},"end":{"line":374,"column":null}}]},"34":{"loc":{"start":{"line":374,"column":53},"end":{"line":374,"column":90}},"type":"binary-expr","locations":[{"start":{"line":374,"column":53},"end":{"line":374,"column":87}},{"start":{"line":374,"column":87},"end":{"line":374,"column":90}}]},"35":{"loc":{"start":{"line":375,"column":54},"end":{"line":375,"column":91}},"type":"binary-expr","locations":[{"start":{"line":375,"column":54},"end":{"line":375,"column":88}},{"start":{"line":375,"column":88},"end":{"line":375,"column":91}}]}},"s":{"0":6,"1":6},"f":{"0":6},"b":{"0":[3],"1":[1,5],"2":[1,4],"3":[3,1],"4":[3,1],"5":[4,0],"6":[4,0],"7":[4,0],"8":[4,0],"9":[4,0],"10":[4,0],"11":[4,0],"12":[4,0],"13":[4,0],"14":[4,0],"15":[4,0],"16":[4,4],"17":[4,0],"18":[4,4],"19":[4,0],"20":[4,4],"21":[4,4],"22":[4,0],"23":[4,4],"24":[4,0],"25":[4,4],"26":[4,0],"27":[4,4],"28":[4,4],"29":[4,0],"30":[4,4],"31":[4,0],"32":[4,4],"33":[4,0],"34":[4,4],"35":[4,4]}}
,"C:/Users/johnn/UNI/4.Semester/Projekt 4/Projekt4_Frontend-WebApp/src/components/PaycheckOverview.tsx": {"path":"C:/Users/johnn/UNI/4.Semester/Projekt 4/Projekt4_Frontend-WebApp/src/components/PaycheckOverview.tsx","statementMap":{"0":{"start":{"line":15,"column":25},"end":{"line":140,"column":null}},"1":{"start":{"line":25,"column":8},"end":{"line":25,"column":null}},"2":{"start":{"line":28,"column":4},"end":{"line":30,"column":null}},"3":{"start":{"line":28,"column":36},"end":{"line":30,"column":6}},"4":{"start":{"line":33,"column":4},"end":{"line":35,"column":null}},"5":{"start":{"line":34,"column":6},"end":{"line":34,"column":null}},"6":{"start":{"line":37,"column":21},"end":{"line":46,"column":null}},"7":{"start":{"line":38,"column":6},"end":{"line":46,"column":null}},"8":{"start":{"line":49,"column":4},"end":{"line":137,"column":null}},"9":{"start":{"line":142,"column":0},"end":{"line":142,"column":null}}},"fnMap":{"0":{"name":"(anonymous_0)","decl":{"start":{"line":16,"column":2},"end":{"line":16,"column":3}},"loc":{"start":{"line":16,"column":35},"end":{"line":139,"column":null}}},"1":{"name":"(anonymous_1)","decl":{"start":{"line":28,"column":29},"end":{"line":28,"column":36}},"loc":{"start":{"line":28,"column":36},"end":{"line":30,"column":6}}},"2":{"name":"(anonymous_2)","decl":{"start":{"line":33,"column":14},"end":{"line":33,"column":20}},"loc":{"start":{"line":33,"column":20},"end":{"line":35,"column":7}}},"3":{"name":"(anonymous_3)","decl":{"start":{"line":37,"column":21},"end":{"line":37,"column":22}},"loc":{"start":{"line":38,"column":6},"end":{"line":46,"column":null}}}},"branchMap":{"0":{"loc":{"start":{"line":37,"column":50},"end":{"line":37,"column":65}},"type":"default-arg","locations":[{"start":{"line":37,"column":62},"end":{"line":37,"column":65}}]},"1":{"loc":{"start":{"line":55,"column":9},"end":{"line":135,"column":null}},"type":"cond-expr","locations":[{"start":{"line":56,"column":10},"end":{"line":58,"column":null}},{"start":{"line":59,"column":12},"end":{"line":135,"column":null}}]},"2":{"loc":{"start":{"line":59,"column":12},"end":{"line":135,"column":null}},"type":"cond-expr","locations":[{"start":{"line":60,"column":10},"end":{"line":64,"column":null}},{"start":{"line":65,"column":12},"end":{"line":135,"column":null}}]},"3":{"loc":{"start":{"line":65,"column":12},"end":{"line":135,"column":null}},"type":"cond-expr","locations":[{"start":{"line":66,"column":10},"end":{"line":68,"column":null}},{"start":{"line":69,"column":12},"end":{"line":135,"column":null}}]},"4":{"loc":{"start":{"line":69,"column":12},"end":{"line":135,"column":null}},"type":"cond-expr","locations":[{"start":{"line":70,"column":10},"end":{"line":72,"column":null}},{"start":{"line":74,"column":10},"end":{"line":135,"column":null}}]},"5":{"loc":{"start":{"line":111,"column":13},"end":{"line":117,"column":null}},"type":"binary-expr","locations":[{"start":{"line":111,"column":13},"end":{"line":111,"column":null}},{"start":{"line":112,"column":14},"end":{"line":117,"column":null}}]},"6":{"loc":{"start":{"line":119,"column":13},"end":{"line":125,"column":null}},"type":"binary-expr","locations":[{"start":{"line":119,"column":13},"end":{"line":119,"column":null}},{"start":{"line":120,"column":14},"end":{"line":125,"column":null}}]},"7":{"loc":{"start":{"line":127,"column":13},"end":{"line":133,"column":null}},"type":"binary-expr","locations":[{"start":{"line":127,"column":13},"end":{"line":127,"column":null}},{"start":{"line":128,"column":14},"end":{"line":133,"column":null}}]}},"s":{"0":2,"1":8,"2":8,"3":1,"4":8,"5":8,"6":8,"7":45,"8":8,"9":2},"f":{"0":8,"1":1,"2":8,"3":45},"b":{"0":[0],"1":[1,7],"2":[1,6],"3":[1,5],"4":[0,5],"5":[5,5],"6":[5,5],"7":[5,5]}}
,"C:/Users/johnn/UNI/4.Semester/Projekt 4/Projekt4_Frontend-WebApp/src/components/ProtectedRoutes.tsx": {"path":"C:/Users/johnn/UNI/4.Semester/Projekt 4/Projekt4_Frontend-WebApp/src/components/ProtectedRoutes.tsx","statementMap":{"0":{"start":{"line":9,"column":24},"end":{"line":38,"column":null}},"1":{"start":{"line":10,"column":53},"end":{"line":10,"column":null}},"2":{"start":{"line":13,"column":2},"end":{"line":23,"column":null}},"3":{"start":{"line":14,"column":4},"end":{"line":21,"column":null}},"4":{"start":{"line":26,"column":2},"end":{"line":29,"column":null}},"5":{"start":{"line":27,"column":4},"end":{"line":27,"column":null}},"6":{"start":{"line":28,"column":4},"end":{"line":28,"column":null}},"7":{"start":{"line":32,"column":2},"end":{"line":32,"column":null}},"8":{"start":{"line":33,"column":2},"end":{"line":36,"column":null}}},"fnMap":{"0":{"name":"(anonymous_0)","decl":{"start":{"line":9,"column":24},"end":{"line":9,"column":30}},"loc":{"start":{"line":9,"column":30},"end":{"line":38,"column":null}}}},"branchMap":{"0":{"loc":{"start":{"line":13,"column":2},"end":{"line":23,"column":null}},"type":"if","locations":[{"start":{"line":13,"column":2},"end":{"line":23,"column":null}},{"start":{"line":13,"column":2},"end":{"line":23,"column":null}}]},"1":{"loc":{"start":{"line":26,"column":2},"end":{"line":29,"column":null}},"type":"if","locations":[{"start":{"line":26,"column":2},"end":{"line":29,"column":null}},{"start":{"line":26,"column":2},"end":{"line":29,"column":null}}]}},"s":{"0":2,"1":6,"2":6,"3":2,"4":4,"5":3,"6":3,"7":1,"8":1},"f":{"0":6},"b":{"0":[2,4],"1":[3,1]}}
,"C:/Users/johnn/UNI/4.Semester/Projekt 4/Projekt4_Frontend-WebApp/src/components/Register.tsx": {"path":"C:/Users/johnn/UNI/4.Semester/Projekt 4/Projekt4_Frontend-WebApp/src/components/Register.tsx","statementMap":{"0":{"start":{"line":8,"column":28},"end":{"line":8,"column":null}},"1":{"start":{"line":9,"column":34},"end":{"line":9,"column":null}},"2":{"start":{"line":10,"column":34},"end":{"line":10,"column":null}},"3":{"start":{"line":11,"column":42},"end":{"line":11,"column":null}},"4":{"start":{"line":12,"column":28},"end":{"line":12,"column":null}},"5":{"start":{"line":13,"column":32},"end":{"line":13,"column":null}},"6":{"start":{"line":14,"column":19},"end":{"line":14,"column":null}},"7":{"start":{"line":16,"column":23},"end":{"line":34,"column":null}},"8":{"start":{"line":17,"column":4},"end":{"line":20,"column":null}},"9":{"start":{"line":18,"column":6},"end":{"line":18,"column":null}},"10":{"start":{"line":19,"column":6},"end":{"line":19,"column":null}},"11":{"start":{"line":21,"column":4},"end":{"line":24,"column":null}},"12":{"start":{"line":22,"column":6},"end":{"line":22,"column":null}},"13":{"start":{"line":23,"column":6},"end":{"line":23,"column":null}},"14":{"start":{"line":25,"column":4},"end":{"line":28,"column":null}},"15":{"start":{"line":26,"column":6},"end":{"line":26,"column":null}},"16":{"start":{"line":27,"column":6},"end":{"line":27,"column":null}},"17":{"start":{"line":29,"column":4},"end":{"line":32,"column":null}},"18":{"start":{"line":30,"column":6},"end":{"line":30,"column":null}},"19":{"start":{"line":31,"column":6},"end":{"line":31,"column":null}},"20":{"start":{"line":33,"column":4},"end":{"line":33,"column":null}},"21":{"start":{"line":36,"column":23},"end":{"line":62,"column":null}},"22":{"start":{"line":37,"column":4},"end":{"line":37,"column":null}},"23":{"start":{"line":38,"column":4},"end":{"line":38,"column":null}},"24":{"start":{"line":39,"column":4},"end":{"line":39,"column":null}},"25":{"start":{"line":40,"column":4},"end":{"line":40,"column":null}},"26":{"start":{"line":42,"column":4},"end":{"line":45,"column":null}},"27":{"start":{"line":43,"column":6},"end":{"line":43,"column":null}},"28":{"start":{"line":44,"column":6},"end":{"line":44,"column":null}},"29":{"start":{"line":47,"column":4},"end":{"line":61,"column":null}},"30":{"start":{"line":48,"column":23},"end":{"line":48,"column":null}},"31":{"start":{"line":49,"column":6},"end":{"line":55,"column":null}},"32":{"start":{"line":50,"column":8},"end":{"line":50,"column":null}},"33":{"start":{"line":52,"column":8},"end":{"line":52,"column":null}},"34":{"start":{"line":53,"column":8},"end":{"line":53,"column":null}},"35":{"start":{"line":54,"column":8},"end":{"line":54,"column":null}},"36":{"start":{"line":57,"column":6},"end":{"line":57,"column":null}},"37":{"start":{"line":58,"column":6},"end":{"line":58,"column":null}},"38":{"start":{"line":60,"column":6},"end":{"line":60,"column":null}},"39":{"start":{"line":64,"column":2},"end":{"line":131,"column":null}},"40":{"start":{"line":85,"column":60},"end":{"line":85,"column":null}},"41":{"start":{"line":98,"column":60},"end":{"line":98,"column":null}},"42":{"start":{"line":110,"column":60},"end":{"line":110,"column":null}},"43":{"start":{"line":120,"column":33},"end":{"line":120,"column":52}},"44":{"start":{"line":124,"column":27},"end":{"line":124,"column":null}}},"fnMap":{"0":{"name":"Register","decl":{"start":{"line":7,"column":16},"end":{"line":7,"column":27}},"loc":{"start":{"line":7,"column":27},"end":{"line":133,"column":null}}},"1":{"name":"(anonymous_1)","decl":{"start":{"line":16,"column":23},"end":{"line":16,"column":29}},"loc":{"start":{"line":16,"column":29},"end":{"line":34,"column":null}}},"2":{"name":"(anonymous_2)","decl":{"start":{"line":36,"column":23},"end":{"line":36,"column":30}},"loc":{"start":{"line":36,"column":53},"end":{"line":62,"column":null}}},"3":{"name":"(anonymous_3)","decl":{"start":{"line":85,"column":22},"end":{"line":85,"column":23}},"loc":{"start":{"line":85,"column":60},"end":{"line":85,"column":null}}},"4":{"name":"(anonymous_4)","decl":{"start":{"line":98,"column":22},"end":{"line":98,"column":23}},"loc":{"start":{"line":98,"column":60},"end":{"line":98,"column":null}}},"5":{"name":"(anonymous_5)","decl":{"start":{"line":110,"column":22},"end":{"line":110,"column":23}},"loc":{"start":{"line":110,"column":60},"end":{"line":110,"column":null}}},"6":{"name":"(anonymous_6)","decl":{"start":{"line":120,"column":27},"end":{"line":120,"column":33}},"loc":{"start":{"line":120,"column":33},"end":{"line":120,"column":52}}},"7":{"name":"(anonymous_7)","decl":{"start":{"line":124,"column":21},"end":{"line":124,"column":27}},"loc":{"start":{"line":124,"column":27},"end":{"line":124,"column":null}}}},"branchMap":{"0":{"loc":{"start":{"line":17,"column":4},"end":{"line":20,"column":null}},"type":"if","locations":[{"start":{"line":17,"column":4},"end":{"line":20,"column":null}},{"start":{"line":17,"column":4},"end":{"line":20,"column":null}}]},"1":{"loc":{"start":{"line":21,"column":4},"end":{"line":24,"column":null}},"type":"if","locations":[{"start":{"line":21,"column":4},"end":{"line":24,"column":null}},{"start":{"line":21,"column":4},"end":{"line":24,"column":null}}]},"2":{"loc":{"start":{"line":25,"column":4},"end":{"line":28,"column":null}},"type":"if","locations":[{"start":{"line":25,"column":4},"end":{"line":28,"column":null}},{"start":{"line":25,"column":4},"end":{"line":28,"column":null}}]},"3":{"loc":{"start":{"line":29,"column":4},"end":{"line":32,"column":null}},"type":"if","locations":[{"start":{"line":29,"column":4},"end":{"line":32,"column":null}},{"start":{"line":29,"column":4},"end":{"line":32,"column":null}}]},"4":{"loc":{"start":{"line":42,"column":4},"end":{"line":45,"column":null}},"type":"if","locations":[{"start":{"line":42,"column":4},"end":{"line":45,"column":null}},{"start":{"line":42,"column":4},"end":{"line":45,"column":null}}]},"5":{"loc":{"start":{"line":49,"column":6},"end":{"line":55,"column":null}},"type":"if","locations":[{"start":{"line":49,"column":6},"end":{"line":55,"column":null}},{"start":{"line":49,"column":6},"end":{"line":55,"column":null}}]},"6":{"loc":{"start":{"line":57,"column":15},"end":{"line":57,"column":73}},"type":"cond-expr","locations":[{"start":{"line":57,"column":38},"end":{"line":57,"column":52}},{"start":{"line":57,"column":52},"end":{"line":57,"column":73}}]},"7":{"loc":{"start":{"line":70,"column":7},"end":{"line":70,"column":null}},"type":"binary-expr","locations":[{"start":{"line":70,"column":7},"end":{"line":70,"column":16}},{"start":{"line":70,"column":16},"end":{"line":70,"column":null}}]},"8":{"loc":{"start":{"line":71,"column":7},"end":{"line":72,"column":null}},"type":"binary-expr","locations":[{"start":{"line":71,"column":7},"end":{"line":71,"column":null}},{"start":{"line":72,"column":8},"end":{"line":72,"column":null}}]},"9":{"loc":{"start":{"line":75,"column":7},"end":{"line":129,"column":null}},"type":"cond-expr","locations":[{"start":{"line":76,"column":8},"end":{"line":117,"column":null}},{"start":{"line":119,"column":8},"end":{"line":129,"column":null}}]},"10":{"loc":{"start":{"line":115,"column":13},"end":{"line":115,"column":null}},"type":"cond-expr","locations":[{"start":{"line":115,"column":28},"end":{"line":115,"column":47}},{"start":{"line":115,"column":47},"end":{"line":115,"column":null}}]}},"s":{"0":27,"1":27,"2":27,"3":27,"4":27,"5":27,"6":27,"7":27,"8":4,"9":0,"10":0,"11":4,"12":0,"13":0,"14":4,"15":0,"16":0,"17":4,"18":0,"19":0,"20":4,"21":27,"22":4,"23":4,"24":4,"25":4,"26":4,"27":0,"28":0,"29":4,"30":4,"31":3,"32":3,"33":3,"34":3,"35":3,"36":1,"37":1,"38":4,"39":27,"40":4,"41":4,"42":4,"43":1,"44":1},"f":{"0":27,"1":4,"2":4,"3":4,"4":4,"5":4,"6":1,"7":1},"b":{"0":[0,4],"1":[0,4],"2":[0,4],"3":[0,4],"4":[0,4],"5":[3,0],"6":[1,0],"7":[27,1],"8":[27,3],"9":[24,3],"10":[4,20]}}
,"C:/Users/johnn/UNI/4.Semester/Projekt 4/Projekt4_Frontend-WebApp/src/components/RouteConfig.tsx": {"path":"C:/Users/johnn/UNI/4.Semester/Projekt 4/Projekt4_Frontend-WebApp/src/components/RouteConfig.tsx","statementMap":{"0":{"start":{"line":16,"column":20},"end":{"line":78,"column":null}},"1":{"start":{"line":17,"column":46},"end":{"line":17,"column":null}},"2":{"start":{"line":18,"column":19},"end":{"line":18,"column":null}},"3":{"start":{"line":21,"column":2},"end":{"line":27,"column":null}},"4":{"start":{"line":22,"column":4},"end":{"line":25,"column":null}},"5":{"start":{"line":30,"column":23},"end":{"line":30,"column":null}},"6":{"start":{"line":33,"column":2},"end":{"line":33,"column":null}},"7":{"start":{"line":34,"column":2},"end":{"line":34,"column":null}},"8":{"start":{"line":37,"column":21},"end":{"line":39,"column":null}},"9":{"start":{"line":41,"column":2},"end":{"line":41,"column":null}},"10":{"start":{"line":43,"column":2},"end":{"line":76,"column":null}}},"fnMap":{"0":{"name":"(anonymous_0)","decl":{"start":{"line":16,"column":20},"end":{"line":16,"column":26}},"loc":{"start":{"line":16,"column":26},"end":{"line":78,"column":null}}}},"branchMap":{"0":{"loc":{"start":{"line":21,"column":2},"end":{"line":27,"column":null}},"type":"if","locations":[{"start":{"line":21,"column":2},"end":{"line":27,"column":null}},{"start":{"line":21,"column":2},"end":{"line":27,"column":null}}]},"1":{"loc":{"start":{"line":37,"column":21},"end":{"line":39,"column":null}},"type":"cond-expr","locations":[{"start":{"line":38,"column":6},"end":{"line":38,"column":null}},{"start":{"line":39,"column":6},"end":{"line":39,"column":null}}]},"2":{"loc":{"start":{"line":39,"column":30},"end":{"line":39,"column":65}},"type":"cond-expr","locations":[{"start":{"line":39,"column":48},"end":{"line":39,"column":57}},{"start":{"line":39,"column":57},"end":{"line":39,"column":65}}]},"3":{"loc":{"start":{"line":49,"column":19},"end":{"line":49,"column":null}},"type":"cond-expr","locations":[{"start":{"line":49,"column":37},"end":{"line":49,"column":67}},{"start":{"line":49,"column":67},"end":{"line":49,"column":null}}]},"4":{"loc":{"start":{"line":73,"column":19},"end":{"line":73,"column":null}},"type":"cond-expr","locations":[{"start":{"line":73,"column":37},"end":{"line":73,"column":67}},{"start":{"line":73,"column":67},"end":{"line":73,"column":null}}]}},"s":{"0":1,"1":6,"2":6,"3":6,"4":2,"5":4,"6":4,"7":4,"8":4,"9":4,"10":4},"f":{"0":6},"b":{"0":[2,4],"1":[0,4],"2":[0,4],"3":[0,4],"4":[0,4]}}
,"C:/Users/johnn/UNI/4.Semester/Projekt 4/Projekt4_Frontend-WebApp/src/components/SU.tsx": {"path":"C:/Users/johnn/UNI/4.Semester/Projekt 4/Projekt4_Frontend-WebApp/src/components/SU.tsx","statementMap":{"0":{"start":{"line":29,"column":16},"end":{"line":29,"column":null}},"1":{"start":{"line":30,"column":42},"end":{"line":30,"column":null}},"2":{"start":{"line":31,"column":30},"end":{"line":36,"column":null}},"3":{"start":{"line":39,"column":30},"end":{"line":44,"column":null}},"4":{"start":{"line":40,"column":4},"end":{"line":43,"column":null}},"5":{"start":{"line":47,"column":37},"end":{"line":49,"column":null}},"6":{"start":{"line":48,"column":4},"end":{"line":48,"column":null}},"7":{"start":{"line":52,"column":31},"end":{"line":67,"column":null}},"8":{"start":{"line":53,"column":19},"end":{"line":53,"column":null}},"9":{"start":{"line":54,"column":26},"end":{"line":54,"column":null}},"10":{"start":{"line":55,"column":23},"end":{"line":55,"column":null}},"11":{"start":{"line":57,"column":4},"end":{"line":66,"column":null}},"12":{"start":{"line":69,"column":21},"end":{"line":69,"column":null}},"13":{"start":{"line":70,"column":24},"end":{"line":70,"column":null}},"14":{"start":{"line":71,"column":28},"end":{"line":71,"column":null}},"15":{"start":{"line":74,"column":29},"end":{"line":84,"column":null}},"16":{"start":{"line":75,"column":4},"end":{"line":78,"column":null}},"17":{"start":{"line":75,"column":23},"end":{"line":78,"column":6}},"18":{"start":{"line":81,"column":4},"end":{"line":83,"column":null}},"19":{"start":{"line":82,"column":6},"end":{"line":82,"column":null}},"20":{"start":{"line":87,"column":27},"end":{"line":91,"column":null}},"21":{"start":{"line":88,"column":4},"end":{"line":88,"column":null}},"22":{"start":{"line":94,"column":30},"end":{"line":98,"column":null}},"23":{"start":{"line":95,"column":4},"end":{"line":97,"column":null}},"24":{"start":{"line":96,"column":6},"end":{"line":96,"column":null}},"25":{"start":{"line":101,"column":30},"end":{"line":105,"column":null}},"26":{"start":{"line":102,"column":4},"end":{"line":104,"column":null}},"27":{"start":{"line":103,"column":6},"end":{"line":103,"column":null}},"28":{"start":{"line":107,"column":2},"end":{"line":230,"column":null}},"29":{"start":{"line":116,"column":27},"end":{"line":116,"column":null}},"30":{"start":{"line":120,"column":12},"end":{"line":120,"column":null}},"31":{"start":{"line":126,"column":27},"end":{"line":126,"column":null}},"32":{"start":{"line":135,"column":27},"end":{"line":135,"column":null}},"33":{"start":{"line":215,"column":27},"end":{"line":215,"column":null}},"34":{"start":{"line":236,"column":2},"end":{"line":236,"column":null}}},"fnMap":{"0":{"name":"SUSection","decl":{"start":{"line":21,"column":16},"end":{"line":21,"column":26}},"loc":{"start":{"line":28,"column":12},"end":{"line":232,"column":null}}},"1":{"name":"(anonymous_1)","decl":{"start":{"line":39,"column":30},"end":{"line":39,"column":36}},"loc":{"start":{"line":39,"column":36},"end":{"line":44,"column":null}}},"2":{"name":"(anonymous_2)","decl":{"start":{"line":47,"column":37},"end":{"line":47,"column":43}},"loc":{"start":{"line":47,"column":43},"end":{"line":49,"column":null}}},"3":{"name":"(anonymous_3)","decl":{"start":{"line":52,"column":31},"end":{"line":52,"column":32}},"loc":{"start":{"line":52,"column":55},"end":{"line":67,"column":null}}},"4":{"name":"(anonymous_4)","decl":{"start":{"line":74,"column":29},"end":{"line":74,"column":30}},"loc":{"start":{"line":74,"column":48},"end":{"line":84,"column":null}}},"5":{"name":"(anonymous_5)","decl":{"start":{"line":75,"column":14},"end":{"line":75,"column":23}},"loc":{"start":{"line":75,"column":23},"end":{"line":78,"column":6}}},"6":{"name":"(anonymous_6)","decl":{"start":{"line":87,"column":27},"end":{"line":87,"column":28}},"loc":{"start":{"line":87,"column":45},"end":{"line":91,"column":null}}},"7":{"name":"(anonymous_7)","decl":{"start":{"line":94,"column":30},"end":{"line":94,"column":31}},"loc":{"start":{"line":94,"column":52},"end":{"line":98,"column":null}}},"8":{"name":"(anonymous_8)","decl":{"start":{"line":101,"column":30},"end":{"line":101,"column":31}},"loc":{"start":{"line":101,"column":50},"end":{"line":105,"column":null}}},"9":{"name":"(anonymous_9)","decl":{"start":{"line":116,"column":20},"end":{"line":116,"column":21}},"loc":{"start":{"line":116,"column":27},"end":{"line":116,"column":null}}},"10":{"name":"(anonymous_10)","decl":{"start":{"line":119,"column":31},"end":{"line":119,"column":null}},"loc":{"start":{"line":120,"column":12},"end":{"line":120,"column":null}}},"11":{"name":"(anonymous_11)","decl":{"start":{"line":126,"column":20},"end":{"line":126,"column":21}},"loc":{"start":{"line":126,"column":27},"end":{"line":126,"column":null}}},"12":{"name":"(anonymous_12)","decl":{"start":{"line":135,"column":20},"end":{"line":135,"column":21}},"loc":{"start":{"line":135,"column":27},"end":{"line":135,"column":null}}},"13":{"name":"(anonymous_13)","decl":{"start":{"line":215,"column":20},"end":{"line":215,"column":21}},"loc":{"start":{"line":215,"column":27},"end":{"line":215,"column":null}}},"14":{"name":"DefaultSUSection","decl":{"start":{"line":235,"column":24},"end":{"line":235,"column":43}},"loc":{"start":{"line":235,"column":43},"end":{"line":237,"column":null}}}},"branchMap":{"0":{"loc":{"start":{"line":23,"column":2},"end":{"line":23,"column":null}},"type":"default-arg","locations":[{"start":{"line":23,"column":12},"end":{"line":23,"column":null}}]},"1":{"loc":{"start":{"line":24,"column":2},"end":{"line":24,"column":null}},"type":"default-arg","locations":[{"start":{"line":24,"column":18},"end":{"line":24,"column":null}}]},"2":{"loc":{"start":{"line":81,"column":4},"end":{"line":83,"column":null}},"type":"if","locations":[{"start":{"line":81,"column":4},"end":{"line":83,"column":null}},{"start":{"line":81,"column":4},"end":{"line":83,"column":null}}]},"3":{"loc":{"start":{"line":95,"column":4},"end":{"line":97,"column":null}},"type":"if","locations":[{"start":{"line":95,"column":4},"end":{"line":97,"column":null}},{"start":{"line":95,"column":4},"end":{"line":97,"column":null}}]},"4":{"loc":{"start":{"line":102,"column":4},"end":{"line":104,"column":null}},"type":"if","locations":[{"start":{"line":102,"column":4},"end":{"line":104,"column":null}},{"start":{"line":102,"column":4},"end":{"line":104,"column":null}}]},"5":{"loc":{"start":{"line":190,"column":42},"end":{"line":190,"column":80}},"type":"binary-expr","locations":[{"start":{"line":190,"column":42},"end":{"line":190,"column":72}},{"start":{"line":190,"column":72},"end":{"line":190,"column":80}}]},"6":{"loc":{"start":{"line":192,"column":47},"end":{"line":192,"column":172}},"type":"cond-expr","locations":[{"start":{"line":192,"column":89},"end":{"line":192,"column":129}},{"start":{"line":192,"column":129},"end":{"line":192,"column":172}}]},"7":{"loc":{"start":{"line":193,"column":47},"end":{"line":193,"column":176}},"type":"cond-expr","locations":[{"start":{"line":193,"column":93},"end":{"line":193,"column":132}},{"start":{"line":193,"column":132},"end":{"line":193,"column":176}}]}},"s":{"0":22,"1":22,"2":22,"3":22,"4":22,"5":22,"6":22,"7":22,"8":22,"9":22,"10":22,"11":22,"12":22,"13":22,"14":22,"15":22,"16":6,"17":6,"18":6,"19":1,"20":22,"21":1,"22":22,"23":1,"24":1,"25":22,"26":1,"27":1,"28":22,"29":1,"30":66,"31":1,"32":1,"33":6,"34":2},"f":{"0":22,"1":22,"2":22,"3":22,"4":6,"5":6,"6":1,"7":1,"8":1,"9":1,"10":66,"11":1,"12":1,"13":6,"14":2},"b":{"0":[19],"1":[19],"2":[1,5],"3":[1,0],"4":[1,0],"5":[22,21],"6":[21,1],"7":[21,1]}}
,"C:/Users/johnn/UNI/4.Semester/Projekt 4/Projekt4_Frontend-WebApp/src/components/VacationPayOverview.tsx": {"path":"C:/Users/johnn/UNI/4.Semester/Projekt 4/Projekt4_Frontend-WebApp/src/components/VacationPayOverview.tsx","statementMap":{"0":{"start":{"line":15,"column":28},"end":{"line":103,"column":null}},"1":{"start":{"line":17,"column":10},"end":{"line":17,"column":null}},"2":{"start":{"line":18,"column":44},"end":{"line":18,"column":null}},"3":{"start":{"line":26,"column":8},"end":{"line":26,"column":null}},"4":{"start":{"line":29,"column":4},"end":{"line":31,"column":null}},"5":{"start":{"line":29,"column":36},"end":{"line":31,"column":6}},"6":{"start":{"line":34,"column":4},"end":{"line":36,"column":null}},"7":{"start":{"line":35,"column":6},"end":{"line":35,"column":null}},"8":{"start":{"line":39,"column":24},"end":{"line":39,"column":null}},"9":{"start":{"line":39,"column":60},"end":{"line":39,"column":75}},"10":{"start":{"line":41,"column":4},"end":{"line":100,"column":null}},"11":{"start":{"line":52,"column":31},"end":{"line":52,"column":null}},"12":{"start":{"line":57,"column":16},"end":{"line":57,"column":null}},"13":{"start":{"line":105,"column":0},"end":{"line":105,"column":null}}},"fnMap":{"0":{"name":"(anonymous_0)","decl":{"start":{"line":16,"column":2},"end":{"line":16,"column":3}},"loc":{"start":{"line":16,"column":41},"end":{"line":102,"column":null}}},"1":{"name":"(anonymous_1)","decl":{"start":{"line":29,"column":29},"end":{"line":29,"column":36}},"loc":{"start":{"line":29,"column":36},"end":{"line":31,"column":6}}},"2":{"name":"(anonymous_2)","decl":{"start":{"line":34,"column":14},"end":{"line":34,"column":20}},"loc":{"start":{"line":34,"column":20},"end":{"line":36,"column":7}}},"3":{"name":"(anonymous_3)","decl":{"start":{"line":39,"column":50},"end":{"line":39,"column":51}},"loc":{"start":{"line":39,"column":60},"end":{"line":39,"column":75}}},"4":{"name":"(anonymous_4)","decl":{"start":{"line":52,"column":24},"end":{"line":52,"column":25}},"loc":{"start":{"line":52,"column":31},"end":{"line":52,"column":null}}},"5":{"name":"(anonymous_5)","decl":{"start":{"line":56,"column":31},"end":{"line":56,"column":null}},"loc":{"start":{"line":57,"column":16},"end":{"line":57,"column":null}}}},"branchMap":{"0":{"loc":{"start":{"line":18,"column":61},"end":{"line":18,"column":87}},"type":"binary-expr","locations":[{"start":{"line":18,"column":61},"end":{"line":18,"column":76}},{"start":{"line":18,"column":76},"end":{"line":18,"column":87}}]},"1":{"loc":{"start":{"line":53,"column":24},"end":{"line":53,"column":null}},"type":"binary-expr","locations":[{"start":{"line":53,"column":24},"end":{"line":53,"column":35}},{"start":{"line":53,"column":35},"end":{"line":53,"column":null}}]},"2":{"loc":{"start":{"line":63,"column":9},"end":{"line":98,"column":null}},"type":"cond-expr","locations":[{"start":{"line":64,"column":10},"end":{"line":66,"column":null}},{"start":{"line":67,"column":12},"end":{"line":98,"column":null}}]},"3":{"loc":{"start":{"line":67,"column":12},"end":{"line":98,"column":null}},"type":"cond-expr","locations":[{"start":{"line":68,"column":10},"end":{"line":70,"column":null}},{"start":{"line":71,"column":12},"end":{"line":98,"column":null}}]},"4":{"loc":{"start":{"line":71,"column":12},"end":{"line":98,"column":null}},"type":"cond-expr","locations":[{"start":{"line":72,"column":10},"end":{"line":84,"column":null}},{"start":{"line":85,"column":12},"end":{"line":98,"column":null}}]},"5":{"loc":{"start":{"line":85,"column":12},"end":{"line":98,"column":null}},"type":"cond-expr","locations":[{"start":{"line":86,"column":10},"end":{"line":88,"column":null}},{"start":{"line":90,"column":10},"end":{"line":98,"column":null}}]}},"s":{"0":1,"1":0,"2":0,"3":0,"4":0,"5":0,"6":0,"7":0,"8":0,"9":0,"10":0,"11":0,"12":0,"13":1},"f":{"0":0,"1":0,"2":0,"3":0,"4":0,"5":0},"b":{"0":[0,0],"1":[0,0],"2":[0,0],"3":[0,0],"4":[0,0],"5":[0,0]}}
,"C:/Users/johnn/UNI/4.Semester/Projekt 4/Projekt4_Frontend-WebApp/src/components/WorkshiftModal.tsx": {"path":"C:/Users/johnn/UNI/4.Semester/Projekt 4/Projekt4_Frontend-WebApp/src/components/WorkshiftModal.tsx","statementMap":{"0":{"start":{"line":20,"column":36},"end":{"line":24,"column":null}},"1":{"start":{"line":25,"column":46},"end":{"line":25,"column":null}},"2":{"start":{"line":26,"column":34},"end":{"line":26,"column":null}},"3":{"start":{"line":27,"column":36},"end":{"line":27,"column":null}},"4":{"start":{"line":30,"column":2},"end":{"line":81,"column":null}},"5":{"start":{"line":31,"column":27},"end":{"line":78,"column":null}},"6":{"start":{"line":32,"column":6},"end":{"line":32,"column":null}},"7":{"start":{"line":32,"column":19},"end":{"line":32,"column":null}},"8":{"start":{"line":34,"column":6},"end":{"line":34,"column":null}},"9":{"start":{"line":35,"column":6},"end":{"line":77,"column":null}},"10":{"start":{"line":36,"column":8},"end":{"line":72,"column":null}},"11":{"start":{"line":38,"column":22},"end":{"line":38,"column":null}},"12":{"start":{"line":40,"column":26},"end":{"line":40,"column":null}},"13":{"start":{"line":41,"column":10},"end":{"line":41,"column":null}},"14":{"start":{"line":43,"column":10},"end":{"line":47,"column":null}},"15":{"start":{"line":48,"column":10},"end":{"line":48,"column":null}},"16":{"start":{"line":50,"column":10},"end":{"line":50,"column":null}},"17":{"start":{"line":51,"column":10},"end":{"line":71,"column":null}},"18":{"start":{"line":52,"column":34},"end":{"line":52,"column":null}},"19":{"start":{"line":53,"column":12},"end":{"line":67,"column":null}},"20":{"start":{"line":55,"column":14},"end":{"line":57,"column":null}},"21":{"start":{"line":56,"column":16},"end":{"line":56,"column":null}},"22":{"start":{"line":60,"column":14},"end":{"line":60,"column":null}},"23":{"start":{"line":61,"column":14},"end":{"line":61,"column":null}},"24":{"start":{"line":63,"column":14},"end":{"line":63,"column":null}},"25":{"start":{"line":65,"column":14},"end":{"line":65,"column":null}},"26":{"start":{"line":66,"column":14},"end":{"line":66,"column":null}},"27":{"start":{"line":69,"column":12},"end":{"line":69,"column":null}},"28":{"start":{"line":70,"column":12},"end":{"line":70,"column":null}},"29":{"start":{"line":74,"column":8},"end":{"line":74,"column":null}},"30":{"start":{"line":76,"column":8},"end":{"line":76,"column":null}},"31":{"start":{"line":80,"column":4},"end":{"line":80,"column":null}},"32":{"start":{"line":83,"column":31},"end":{"line":109,"column":null}},"33":{"start":{"line":84,"column":4},"end":{"line":108,"column":null}},"34":{"start":{"line":87,"column":35},"end":{"line":87,"column":null}},"35":{"start":{"line":88,"column":33},"end":{"line":88,"column":null}},"36":{"start":{"line":89,"column":31},"end":{"line":89,"column":null}},"37":{"start":{"line":92,"column":19},"end":{"line":92,"column":null}},"38":{"start":{"line":93,"column":6},"end":{"line":93,"column":null}},"39":{"start":{"line":94,"column":6},"end":{"line":94,"column":null}},"40":{"start":{"line":95,"column":6},"end":{"line":95,"column":null}},"41":{"start":{"line":96,"column":6},"end":{"line":96,"column":null}},"42":{"start":{"line":97,"column":6},"end":{"line":97,"column":null}},"43":{"start":{"line":98,"column":6},"end":{"line":98,"column":null}},"44":{"start":{"line":99,"column":6},"end":{"line":99,"column":null}},"45":{"start":{"line":102,"column":6},"end":{"line":105,"column":null}},"46":{"start":{"line":102,"column":30},"end":{"line":105,"column":8}},"47":{"start":{"line":107,"column":6},"end":{"line":107,"column":null}},"48":{"start":{"line":111,"column":23},"end":{"line":133,"column":null}},"49":{"start":{"line":112,"column":4},"end":{"line":112,"column":null}},"50":{"start":{"line":112,"column":22},"end":{"line":112,"column":null}},"51":{"start":{"line":114,"column":22},"end":{"line":120,"column":null}},"52":{"start":{"line":122,"column":4},"end":{"line":122,"column":null}},"53":{"start":{"line":122,"column":20},"end":{"line":122,"column":null}},"54":{"start":{"line":124,"column":4},"end":{"line":132,"column":null}},"55":{"start":{"line":125,"column":6},"end":{"line":125,"column":null}},"56":{"start":{"line":126,"column":6},"end":{"line":126,"column":null}},"57":{"start":{"line":127,"column":6},"end":{"line":127,"column":null}},"58":{"start":{"line":128,"column":6},"end":{"line":128,"column":null}},"59":{"start":{"line":130,"column":6},"end":{"line":130,"column":null}},"60":{"start":{"line":131,"column":6},"end":{"line":131,"column":null}},"61":{"start":{"line":135,"column":33},"end":{"line":141,"column":null}},"62":{"start":{"line":136,"column":4},"end":{"line":139,"column":null}},"63":{"start":{"line":137,"column":6},"end":{"line":137,"column":null}},"64":{"start":{"line":138,"column":6},"end":{"line":138,"column":null}},"65":{"start":{"line":140,"column":4},"end":{"line":140,"column":null}},"66":{"start":{"line":143,"column":23},"end":{"line":172,"column":null}},"67":{"start":{"line":144,"column":4},"end":{"line":144,"column":null}},"68":{"start":{"line":147,"column":4},"end":{"line":149,"column":null}},"69":{"start":{"line":148,"column":6},"end":{"line":148,"column":null}},"70":{"start":{"line":151,"column":4},"end":{"line":151,"column":null}},"71":{"start":{"line":153,"column":4},"end":{"line":171,"column":null}},"72":{"start":{"line":154,"column":6},"end":{"line":160,"column":null}},"73":{"start":{"line":155,"column":8},"end":{"line":155,"column":null}},"74":{"start":{"line":156,"column":8},"end":{"line":156,"column":null}},"75":{"start":{"line":158,"column":8},"end":{"line":158,"column":null}},"76":{"start":{"line":159,"column":8},"end":{"line":159,"column":null}},"77":{"start":{"line":162,"column":6},"end":{"line":162,"column":null}},"78":{"start":{"line":163,"column":6},"end":{"line":163,"column":null}},"79":{"start":{"line":165,"column":6},"end":{"line":165,"column":null}},"80":{"start":{"line":166,"column":6},"end":{"line":168,"column":null}},"81":{"start":{"line":170,"column":6},"end":{"line":170,"column":null}},"82":{"start":{"line":174,"column":16},"end":{"line":176,"column":null}},"83":{"start":{"line":178,"column":2},"end":{"line":231,"column":null}},"84":{"start":{"line":193,"column":31},"end":{"line":193,"column":null}},"85":{"start":{"line":205,"column":31},"end":{"line":205,"column":null}}},"fnMap":{"0":{"name":"WorkshiftModal","decl":{"start":{"line":19,"column":24},"end":{"line":19,"column":39}},"loc":{"start":{"line":19,"column":119},"end":{"line":233,"column":null}}},"1":{"name":"(anonymous_1)","decl":{"start":{"line":30,"column":12},"end":{"line":30,"column":18}},"loc":{"start":{"line":30,"column":18},"end":{"line":81,"column":5}}},"2":{"name":"(anonymous_2)","decl":{"start":{"line":31,"column":27},"end":{"line":31,"column":39}},"loc":{"start":{"line":31,"column":39},"end":{"line":78,"column":null}}},"3":{"name":"(anonymous_3)","decl":{"start":{"line":83,"column":31},"end":{"line":83,"column":32}},"loc":{"start":{"line":83,"column":67},"end":{"line":109,"column":null}}},"4":{"name":"(anonymous_4)","decl":{"start":{"line":102,"column":19},"end":{"line":102,"column":20}},"loc":{"start":{"line":102,"column":30},"end":{"line":105,"column":8}}},"5":{"name":"(anonymous_5)","decl":{"start":{"line":111,"column":23},"end":{"line":111,"column":35}},"loc":{"start":{"line":111,"column":35},"end":{"line":133,"column":null}}},"6":{"name":"(anonymous_6)","decl":{"start":{"line":135,"column":33},"end":{"line":135,"column":48}},"loc":{"start":{"line":135,"column":48},"end":{"line":141,"column":null}}},"7":{"name":"(anonymous_7)","decl":{"start":{"line":143,"column":23},"end":{"line":143,"column":30}},"loc":{"start":{"line":143,"column":53},"end":{"line":172,"column":null}}},"8":{"name":"(anonymous_8)","decl":{"start":{"line":193,"column":24},"end":{"line":193,"column":25}},"loc":{"start":{"line":193,"column":31},"end":{"line":193,"column":null}}},"9":{"name":"(anonymous_9)","decl":{"start":{"line":205,"column":24},"end":{"line":205,"column":25}},"loc":{"start":{"line":205,"column":31},"end":{"line":205,"column":null}}}},"branchMap":{"0":{"loc":{"start":{"line":32,"column":6},"end":{"line":32,"column":null}},"type":"if","locations":[{"start":{"line":32,"column":6},"end":{"line":32,"column":null}},{"start":{"line":32,"column":6},"end":{"line":32,"column":null}}]},"1":{"loc":{"start":{"line":36,"column":8},"end":{"line":72,"column":null}},"type":"if","locations":[{"start":{"line":36,"column":8},"end":{"line":72,"column":null}},{"start":{"line":49,"column":15},"end":{"line":72,"column":null}}]},"2":{"loc":{"start":{"line":53,"column":12},"end":{"line":67,"column":null}},"type":"if","locations":[{"start":{"line":53,"column":12},"end":{"line":67,"column":null}},{"start":{"line":64,"column":19},"end":{"line":67,"column":null}}]},"3":{"loc":{"start":{"line":55,"column":14},"end":{"line":57,"column":null}},"type":"if","locations":[{"start":{"line":55,"column":14},"end":{"line":57,"column":null}},{"start":{"line":55,"column":14},"end":{"line":57,"column":null}}]},"4":{"loc":{"start":{"line":55,"column":18},"end":{"line":55,"column":49}},"type":"binary-expr","locations":[{"start":{"line":55,"column":18},"end":{"line":55,"column":27}},{"start":{"line":55,"column":27},"end":{"line":55,"column":49}}]},"5":{"loc":{"start":{"line":112,"column":4},"end":{"line":112,"column":null}},"type":"if","locations":[{"start":{"line":112,"column":4},"end":{"line":112,"column":null}},{"start":{"line":112,"column":4},"end":{"line":112,"column":null}}]},"6":{"loc":{"start":{"line":122,"column":4},"end":{"line":122,"column":null}},"type":"if","locations":[{"start":{"line":122,"column":4},"end":{"line":122,"column":null}},{"start":{"line":122,"column":4},"end":{"line":122,"column":null}}]},"7":{"loc":{"start":{"line":136,"column":4},"end":{"line":139,"column":null}},"type":"if","locations":[{"start":{"line":136,"column":4},"end":{"line":139,"column":null}},{"start":{"line":136,"column":4},"end":{"line":139,"column":null}}]},"8":{"loc":{"start":{"line":147,"column":4},"end":{"line":149,"column":null}},"type":"if","locations":[{"start":{"line":147,"column":4},"end":{"line":149,"column":null}},{"start":{"line":147,"column":4},"end":{"line":149,"column":null}}]},"9":{"loc":{"start":{"line":154,"column":6},"end":{"line":160,"column":null}},"type":"if","locations":[{"start":{"line":154,"column":6},"end":{"line":160,"column":null}},{"start":{"line":157,"column":13},"end":{"line":160,"column":null}}]},"10":{"loc":{"start":{"line":166,"column":25},"end":{"line":168,"column":57}},"type":"cond-expr","locations":[{"start":{"line":167,"column":10},"end":{"line":167,"column":null}},{"start":{"line":168,"column":10},"end":{"line":168,"column":57}}]},"11":{"loc":{"start":{"line":174,"column":16},"end":{"line":176,"column":null}},"type":"cond-expr","locations":[{"start":{"line":175,"column":6},"end":{"line":175,"column":null}},{"start":{"line":176,"column":6},"end":{"line":176,"column":null}}]},"12":{"loc":{"start":{"line":180,"column":7},"end":{"line":229,"column":null}},"type":"cond-expr","locations":[{"start":{"line":181,"column":8},"end":{"line":181,"column":null}},{"start":{"line":183,"column":8},"end":{"line":229,"column":null}}]},"13":{"loc":{"start":{"line":217,"column":15},"end":{"line":217,"column":null}},"type":"cond-expr","locations":[{"start":{"line":217,"column":26},"end":{"line":217,"column":40}},{"start":{"line":217,"column":40},"end":{"line":217,"column":null}}]},"14":{"loc":{"start":{"line":217,"column":40},"end":{"line":217,"column":null}},"type":"cond-expr","locations":[{"start":{"line":217,"column":57},"end":{"line":217,"column":78}},{"start":{"line":217,"column":78},"end":{"line":217,"column":null}}]},"15":{"loc":{"start":{"line":219,"column":13},"end":{"line":226,"column":null}},"type":"binary-expr","locations":[{"start":{"line":219,"column":13},"end":{"line":219,"column":null}},{"start":{"line":220,"column":14},"end":{"line":226,"column":null}}]}},"s":{"0":0,"1":0,"2":0,"3":0,"4":0,"5":0,"6":0,"7":0,"8":0,"9":0,"10":0,"11":0,"12":0,"13":0,"14":0,"15":0,"16":0,"17":0,"18":0,"19":0,"20":0,"21":0,"22":0,"23":0,"24":0,"25":0,"26":0,"27":0,"28":0,"29":0,"30":0,"31":0,"32":0,"33":0,"34":0,"35":0,"36":0,"37":0,"38":0,"39":0,"40":0,"41":0,"42":0,"43":0,"44":0,"45":0,"46":0,"47":0,"48":0,"49":0,"50":0,"51":0,"52":0,"53":0,"54":0,"55":0,"56":0,"57":0,"58":0,"59":0,"60":0,"61":0,"62":0,"63":0,"64":0,"65":0,"66":0,"67":0,"68":0,"69":0,"70":0,"71":0,"72":0,"73":0,"74":0,"75":0,"76":0,"77":0,"78":0,"79":0,"80":0,"81":0,"82":0,"83":0,"84":0,"85":0},"f":{"0":0,"1":0,"2":0,"3":0,"4":0,"5":0,"6":0,"7":0,"8":0,"9":0},"b":{"0":[0,0],"1":[0,0],"2":[0,0],"3":[0,0],"4":[0,0],"5":[0,0],"6":[0,0],"7":[0,0],"8":[0,0],"9":[0,0],"10":[0,0],"11":[0,0],"12":[0,0],"13":[0,0],"14":[0,0],"15":[0,0]}}
,"C:/Users/johnn/UNI/4.Semester/Projekt 4/Projekt4_Frontend-WebApp/src/components/WorkshiftTable.tsx": {"path":"C:/Users/johnn/UNI/4.Semester/Projekt 4/Projekt4_Frontend-WebApp/src/components/WorkshiftTable.tsx","statementMap":{"0":{"start":{"line":24,"column":2},"end":{"line":122,"column":null}},"1":{"start":{"line":75,"column":18},"end":{"line":115,"column":null}},"2":{"start":{"line":100,"column":41},"end":{"line":100,"column":null}},"3":{"start":{"line":107,"column":41},"end":{"line":107,"column":null}}},"fnMap":{"0":{"name":"WorkshiftTable","decl":{"start":{"line":15,"column":24},"end":{"line":15,"column":39}},"loc":{"start":{"line":23,"column":24},"end":{"line":124,"column":null}}},"1":{"name":"(anonymous_1)","decl":{"start":{"line":74,"column":31},"end":{"line":74,"column":32}},"loc":{"start":{"line":75,"column":18},"end":{"line":115,"column":null}}},"2":{"name":"(anonymous_2)","decl":{"start":{"line":100,"column":35},"end":{"line":100,"column":41}},"loc":{"start":{"line":100,"column":41},"end":{"line":100,"column":null}}},"3":{"name":"(anonymous_3)","decl":{"start":{"line":107,"column":35},"end":{"line":107,"column":41}},"loc":{"start":{"line":107,"column":41},"end":{"line":107,"column":null}}}},"branchMap":{"0":{"loc":{"start":{"line":49,"column":15},"end":{"line":116,"column":null}},"type":"cond-expr","locations":[{"start":{"line":50,"column":16},"end":{"line":54,"column":null}},{"start":{"line":55,"column":18},"end":{"line":116,"column":null}}]},"1":{"loc":{"start":{"line":55,"column":18},"end":{"line":116,"column":null}},"type":"cond-expr","locations":[{"start":{"line":56,"column":16},"end":{"line":60,"column":null}},{"start":{"line":61,"column":18},"end":{"line":116,"column":null}}]},"2":{"loc":{"start":{"line":61,"column":18},"end":{"line":116,"column":null}},"type":"cond-expr","locations":[{"start":{"line":62,"column":16},"end":{"line":66,"column":null}},{"start":{"line":67,"column":18},"end":{"line":116,"column":null}}]},"3":{"loc":{"start":{"line":67,"column":18},"end":{"line":116,"column":null}},"type":"cond-expr","locations":[{"start":{"line":68,"column":16},"end":{"line":72,"column":null}},{"start":{"line":74,"column":16},"end":{"line":116,"column":null}}]}},"s":{"0":8,"1":8,"2":1,"3":1},"f":{"0":8,"1":8,"2":1,"3":1},"b":{"0":[1,7],"1":[1,6],"2":[1,5],"3":[1,4]}}
,"C:/Users/johnn/UNI/4.Semester/Projekt 4/Projekt4_Frontend-WebApp/src/components/ui/LanguageSwitcher.tsx": {"path":"C:/Users/johnn/UNI/4.Semester/Projekt 4/Projekt4_Frontend-WebApp/src/components/ui/LanguageSwitcher.tsx","statementMap":{"0":{"start":{"line":4,"column":49},"end":{"line":4,"column":null}},"1":{"start":{"line":6,"column":2},"end":{"line":21,"column":null}},"2":{"start":{"line":10,"column":23},"end":{"line":10,"column":null}},"3":{"start":{"line":17,"column":23},"end":{"line":17,"column":null}}},"fnMap":{"0":{"name":"LanguageSwitcher","decl":{"start":{"line":3,"column":24},"end":{"line":3,"column":43}},"loc":{"start":{"line":3,"column":43},"end":{"line":23,"column":null}}},"1":{"name":"(anonymous_1)","decl":{"start":{"line":10,"column":17},"end":{"line":10,"column":23}},"loc":{"start":{"line":10,"column":23},"end":{"line":10,"column":null}}},"2":{"name":"(anonymous_2)","decl":{"start":{"line":17,"column":17},"end":{"line":17,"column":23}},"loc":{"start":{"line":17,"column":23},"end":{"line":17,"column":null}}}},"branchMap":{"0":{"loc":{"start":{"line":9,"column":30},"end":{"line":9,"column":84}},"type":"cond-expr","locations":[{"start":{"line":9,"column":57},"end":{"line":9,"column":71}},{"start":{"line":9,"column":71},"end":{"line":9,"column":84}}]},"1":{"loc":{"start":{"line":16,"column":30},"end":{"line":16,"column":84}},"type":"cond-expr","locations":[{"start":{"line":16,"column":57},"end":{"line":16,"column":71}},{"start":{"line":16,"column":71},"end":{"line":16,"column":84}}]}},"s":{"0":0,"1":0,"2":0,"3":0},"f":{"0":0,"1":0,"2":0},"b":{"0":[0,0],"1":[0,0]}}
,"C:/Users/johnn/UNI/4.Semester/Projekt 4/Projekt4_Frontend-WebApp/src/components/ui/Menu.tsx": {"path":"C:/Users/johnn/UNI/4.Semester/Projekt 4/Projekt4_Frontend-WebApp/src/components/ui/Menu.tsx","statementMap":{"0":{"start":{"line":7,"column":34},"end":{"line":7,"column":null}},"1":{"start":{"line":8,"column":44},"end":{"line":8,"column":null}},"2":{"start":{"line":9,"column":44},"end":{"line":9,"column":null}},"3":{"start":{"line":12,"column":2},"end":{"line":28,"column":null}},"4":{"start":{"line":13,"column":28},"end":{"line":16,"column":null}},"5":{"start":{"line":14,"column":6},"end":{"line":14,"column":null}},"6":{"start":{"line":15,"column":6},"end":{"line":15,"column":null}},"7":{"start":{"line":19,"column":4},"end":{"line":19,"column":null}},"8":{"start":{"line":22,"column":4},"end":{"line":22,"column":null}},"9":{"start":{"line":25,"column":4},"end":{"line":27,"column":null}},"10":{"start":{"line":26,"column":6},"end":{"line":26,"column":null}},"11":{"start":{"line":30,"column":15},"end":{"line":45,"column":null}},"12":{"start":{"line":48,"column":2},"end":{"line":48,"column":null}},"13":{"start":{"line":48,"column":22},"end":{"line":48,"column":null}},"14":{"start":{"line":50,"column":2},"end":{"line":63,"column":null}},"15":{"start":{"line":62,"column":57},"end":{"line":62,"column":79}}},"fnMap":{"0":{"name":"Menu","decl":{"start":{"line":6,"column":24},"end":{"line":6,"column":31}},"loc":{"start":{"line":6,"column":31},"end":{"line":65,"column":null}}},"1":{"name":"(anonymous_1)","decl":{"start":{"line":12,"column":12},"end":{"line":12,"column":18}},"loc":{"start":{"line":12,"column":18},"end":{"line":28,"column":5}}},"2":{"name":"(anonymous_2)","decl":{"start":{"line":13,"column":28},"end":{"line":13,"column":34}},"loc":{"start":{"line":13,"column":34},"end":{"line":16,"column":null}}},"3":{"name":"(anonymous_3)","decl":{"start":{"line":25,"column":11},"end":{"line":25,"column":17}},"loc":{"start":{"line":25,"column":17},"end":{"line":27,"column":null}}},"4":{"name":"(anonymous_4)","decl":{"start":{"line":62,"column":50},"end":{"line":62,"column":56}},"loc":{"start":{"line":62,"column":56},"end":{"line":62,"column":82}}}},"branchMap":{"0":{"loc":{"start":{"line":32,"column":13},"end":{"line":32,"column":null}},"type":"cond-expr","locations":[{"start":{"line":32,"column":29},"end":{"line":32,"column":39}},{"start":{"line":32,"column":39},"end":{"line":32,"column":null}}]},"1":{"loc":{"start":{"line":33,"column":14},"end":{"line":33,"column":null}},"type":"cond-expr","locations":[{"start":{"line":33,"column":30},"end":{"line":33,"column":40}},{"start":{"line":33,"column":40},"end":{"line":33,"column":null}}]},"2":{"loc":{"start":{"line":48,"column":2},"end":{"line":48,"column":null}},"type":"if","locations":[{"start":{"line":48,"column":2},"end":{"line":48,"column":null}},{"start":{"line":48,"column":2},"end":{"line":48,"column":null}}]},"3":{"loc":{"start":{"line":53,"column":22},"end":{"line":53,"column":83}},"type":"cond-expr","locations":[{"start":{"line":53,"column":38},"end":{"line":53,"column":62}},{"start":{"line":53,"column":62},"end":{"line":53,"column":83}}]},"4":{"loc":{"start":{"line":55,"column":17},"end":{"line":55,"column":null}},"type":"cond-expr","locations":[{"start":{"line":55,"column":28},"end":{"line":55,"column":37}},{"start":{"line":55,"column":37},"end":{"line":55,"column":null}}]},"5":{"loc":{"start":{"line":59,"column":11},"end":{"line":59,"column":null}},"type":"binary-expr","locations":[{"start":{"line":59,"column":11},"end":{"line":59,"column":23}},{"start":{"line":59,"column":23},"end":{"line":59,"column":null}}]}},"s":{"0":0,"1":0,"2":0,"3":0,"4":0,"5":0,"6":0,"7":0,"8":0,"9":0,"10":0,"11":0,"12":0,"13":0,"14":0,"15":0},"f":{"0":0,"1":0,"2":0,"3":0,"4":0},"b":{"0":[0,0],"1":[0,0],"2":[0,0],"3":[0,0],"4":[0,0],"5":[0,0]}}
,"C:/Users/johnn/UNI/4.Semester/Projekt 4/Projekt4_Frontend-WebApp/src/components/ui/button.tsx": {"path":"C:/Users/johnn/UNI/4.Semester/Projekt 4/Projekt4_Frontend-WebApp/src/components/ui/button.tsx","statementMap":{"0":{"start":{"line":6,"column":23},"end":{"line":31,"column":null}},"1":{"start":{"line":39,"column":15},"end":{"line":49,"column":null}},"2":{"start":{"line":41,"column":4},"end":{"line":46,"column":null}},"3":{"start":{"line":50,"column":0},"end":{"line":50,"column":null}}},"fnMap":{"0":{"name":"(anonymous_0)","decl":{"start":{"line":40,"column":2},"end":{"line":40,"column":3}},"loc":{"start":{"line":40,"column":68},"end":{"line":48,"column":null}}}},"branchMap":{"0":{"loc":{"start":{"line":40,"column":31},"end":{"line":40,"column":48}},"type":"default-arg","locations":[{"start":{"line":40,"column":41},"end":{"line":40,"column":48}}]}},"s":{"0":4,"1":4,"2":56,"3":4},"f":{"0":56},"b":{"0":[56]}}
,"C:/Users/johnn/UNI/4.Semester/Projekt 4/Projekt4_Frontend-WebApp/src/components/ui/card.tsx": {"path":"C:/Users/johnn/UNI/4.Semester/Projekt 4/Projekt4_Frontend-WebApp/src/components/ui/card.tsx","statementMap":{"0":{"start":{"line":5,"column":13},"end":{"line":17,"column":null}},"1":{"start":{"line":9,"column":2},"end":{"line":16,"column":null}},"2":{"start":{"line":18,"column":0},"end":{"line":18,"column":null}},"3":{"start":{"line":20,"column":19},"end":{"line":29,"column":null}},"4":{"start":{"line":24,"column":2},"end":{"line":28,"column":null}},"5":{"start":{"line":30,"column":0},"end":{"line":30,"column":null}},"6":{"start":{"line":32,"column":18},"end":{"line":44,"column":null}},"7":{"start":{"line":36,"column":2},"end":{"line":43,"column":null}},"8":{"start":{"line":45,"column":0},"end":{"line":45,"column":null}},"9":{"start":{"line":47,"column":24},"end":{"line":56,"column":null}},"10":{"start":{"line":51,"column":2},"end":{"line":55,"column":null}},"11":{"start":{"line":57,"column":0},"end":{"line":57,"column":null}},"12":{"start":{"line":59,"column":20},"end":{"line":64,"column":null}},"13":{"start":{"line":63,"column":2},"end":{"line":63,"column":null}},"14":{"start":{"line":65,"column":0},"end":{"line":65,"column":null}}},"fnMap":{"0":{"name":"(anonymous_0)","decl":{"start":{"line":8,"column":2},"end":{"line":8,"column":3}},"loc":{"start":{"line":9,"column":2},"end":{"line":16,"column":null}}},"1":{"name":"(anonymous_1)","decl":{"start":{"line":23,"column":2},"end":{"line":23,"column":3}},"loc":{"start":{"line":24,"column":2},"end":{"line":28,"column":null}}},"2":{"name":"(anonymous_2)","decl":{"start":{"line":35,"column":2},"end":{"line":35,"column":3}},"loc":{"start":{"line":36,"column":2},"end":{"line":43,"column":null}}},"3":{"name":"(anonymous_3)","decl":{"start":{"line":50,"column":2},"end":{"line":50,"column":3}},"loc":{"start":{"line":51,"column":2},"end":{"line":55,"column":null}}},"4":{"name":"(anonymous_4)","decl":{"start":{"line":62,"column":2},"end":{"line":62,"column":3}},"loc":{"start":{"line":63,"column":2},"end":{"line":63,"column":null}}}},"branchMap":{},"s":{"0":3,"1":40,"2":3,"3":3,"4":40,"5":3,"6":3,"7":40,"8":3,"9":3,"10":40,"11":3,"12":3,"13":13,"14":3},"f":{"0":40,"1":40,"2":40,"3":40,"4":13},"b":{}}
,"C:/Users/johnn/UNI/4.Semester/Projekt 4/Projekt4_Frontend-WebApp/src/components/ui/checkbox.tsx": {"path":"C:/Users/johnn/UNI/4.Semester/Projekt 4/Projekt4_Frontend-WebApp/src/components/ui/checkbox.tsx","statementMap":{"0":{"start":{"line":8,"column":17},"end":{"line":32,"column":null}},"1":{"start":{"line":10,"column":4},"end":{"line":29,"column":null}},"2":{"start":{"line":34,"column":0},"end":{"line":34,"column":null}}},"fnMap":{"0":{"name":"(anonymous_0)","decl":{"start":{"line":9,"column":2},"end":{"line":9,"column":3}},"loc":{"start":{"line":9,"column":43},"end":{"line":31,"column":null}}}},"branchMap":{"0":{"loc":{"start":{"line":21,"column":9},"end":{"line":27,"column":null}},"type":"binary-expr","locations":[{"start":{"line":21,"column":9},"end":{"line":21,"column":null}},{"start":{"line":22,"column":10},"end":{"line":27,"column":null}}]}},"s":{"0":1,"1":0,"2":1},"f":{"0":0},"b":{"0":[0,0]}}
,"C:/Users/johnn/UNI/4.Semester/Projekt 4/Projekt4_Frontend-WebApp/src/components/ui/clock.tsx": {"path":"C:/Users/johnn/UNI/4.Semester/Projekt 4/Projekt4_Frontend-WebApp/src/components/ui/clock.tsx","statementMap":{"0":{"start":{"line":4,"column":14},"end":{"line":24,"column":null}},"1":{"start":{"line":5,"column":26},"end":{"line":5,"column":null}},"2":{"start":{"line":7,"column":2},"end":{"line":21,"column":null}},"3":{"start":{"line":8,"column":21},"end":{"line":18,"column":null}},"4":{"start":{"line":9,"column":26},"end":{"line":9,"column":null}},"5":{"start":{"line":10,"column":50},"end":{"line":15,"column":null}},"6":{"start":{"line":16,"column":28},"end":{"line":16,"column":null}},"7":{"start":{"line":17,"column":6},"end":{"line":17,"column":null}},"8":{"start":{"line":20,"column":4},"end":{"line":20,"column":null}},"9":{"start":{"line":20,"column":17},"end":{"line":20,"column":null}},"10":{"start":{"line":23,"column":2},"end":{"line":23,"column":null}}},"fnMap":{"0":{"name":"(anonymous_0)","decl":{"start":{"line":4,"column":14},"end":{"line":4,"column":20}},"loc":{"start":{"line":4,"column":20},"end":{"line":24,"column":null}}},"1":{"name":"(anonymous_1)","decl":{"start":{"line":7,"column":12},"end":{"line":7,"column":18}},"loc":{"start":{"line":7,"column":18},"end":{"line":21,"column":5}}},"2":{"name":"(anonymous_2)","decl":{"start":{"line":8,"column":33},"end":{"line":8,"column":39}},"loc":{"start":{"line":8,"column":39},"end":{"line":18,"column":7}}},"3":{"name":"(anonymous_3)","decl":{"start":{"line":20,"column":11},"end":{"line":20,"column":17}},"loc":{"start":{"line":20,"column":17},"end":{"line":20,"column":null}}}},"branchMap":{},"s":{"0":1,"1":0,"2":0,"3":0,"4":0,"5":0,"6":0,"7":0,"8":0,"9":0,"10":0},"f":{"0":0,"1":0,"2":0,"3":0},"b":{}}
[...]
column":null}}},"2":{"name":"(anonymous_2)","decl":{"start":{"line":35,"column":9},"end":{"line":35,"column":19}},"loc":{"start":{"line":35,"column":56},"end":{"line":37,"column":null}}},"3":{"name":"(anonymous_3)","decl":{"start":{"line":39,"column":10},"end":{"line":39,"column":20}},"loc":{"start":{"line":39,"column":46},"end":{"line":42,"column":null}}},"4":{"name":"(anonymous_4)","decl":{"start":{"line":44,"column":10},"end":{"line":44,"column":24}},"loc":{"start":{"line":44,"column":82},"end":{"line":72,"column":null}}},"5":{"name":"(anonymous_5)","decl":{"start":{"line":56,"column":39},"end":{"line":56,"column":46}},"loc":{"start":{"line":56,"column":46},"end":{"line":64,"column":9}}},"6":{"name":"(anonymous_6)","decl":{"start":{"line":74,"column":10},"end":{"line":74,"column":14}},"loc":{"start":{"line":74,"column":70},"end":{"line":98,"column":null}}},"7":{"name":"(anonymous_7)","decl":{"start":{"line":101,"column":9},"end":{"line":101,"column":30}},"loc":{"start":{"line":101,"column":54},"end":{"line":105,"column":null}}},"8":{"name":"(anonymous_8)","decl":{"start":{"line":107,"column":9},"end":{"line":107,"column":28}},"loc":{"start":{"line":107,"column":52},"end":{"line":116,"column":null}}},"9":{"name":"(anonymous_9)","decl":{"start":{"line":119,"column":9},"end":{"line":119,"column":15}},"loc":{"start":{"line":119,"column":54},"end":{"line":121,"column":null}}},"10":{"name":"(anonymous_10)","decl":{"start":{"line":123,"column":9},"end":{"line":123,"column":14}},"loc":{"start":{"line":123,"column":53},"end":{"line":125,"column":null}}},"11":{"name":"(anonymous_11)","decl":{"start":{"line":127,"column":9},"end":{"line":127,"column":14}},"loc":{"start":{"line":127,"column":53},"end":{"line":129,"column":null}}},"12":{"name":"(anonymous_12)","decl":{"start":{"line":131,"column":9},"end":{"line":131,"column":15}},"loc":{"start":{"line":131,"column":54},"end":{"line":133,"column":null}}},"13":{"name":"(anonymous_13)","decl":{"start":{"line":136,"column":9},"end":{"line":136,"column":23}},"loc":{"start":{"line":136,"column":70},"end":{"line":138,"column":null}}},"14":{"name":"(anonymous_14)","decl":{"start":{"line":140,"column":9},"end":{"line":140,"column":24}},"loc":{"start":{"line":140,"column":87},"end":{"line":142,"column":null}}},"15":{"name":"(anonymous_15)","decl":{"start":{"line":144,"column":9},"end":{"line":144,"column":21}},"loc":{"start":{"line":144,"column":68},"end":{"line":146,"column":null}}}},"branchMap":{"0":{"loc":{"start":{"line":21,"column":16},"end":{"line":21,"column":null}},"type":"cond-expr","locations":[{"start":{"line":21,"column":37},"end":{"line":21,"column":47}},{"start":{"line":21,"column":47},"end":{"line":21,"column":null}}]},"1":{"loc":{"start":{"line":29,"column":4},"end":{"line":31,"column":null}},"type":"if","locations":[{"start":{"line":29,"column":4},"end":{"line":31,"column":null}},{"start":{"line":29,"column":4},"end":{"line":31,"column":null}}]},"2":{"loc":{"start":{"line":47,"column":4},"end":{"line":49,"column":null}},"type":"if","locations":[{"start":{"line":47,"column":4},"end":{"line":49,"column":null}},{"start":{"line":47,"column":4},"end":{"line":49,"column":null}}]},"3":{"loc":{"start":{"line":54,"column":4},"end":{"line":69,"column":null}},"type":"if","locations":[{"start":{"line":54,"column":4},"end":{"line":69,"column":null}},{"start":{"line":54,"column":4},"end":{"line":69,"column":null}}]},"4":{"loc":{"start":{"line":57,"column":10},"end":{"line":62,"column":null}},"type":"if","locations":[{"start":{"line":57,"column":10},"end":{"line":62,"column":null}},{"start":{"line":57,"column":10},"end":{"line":62,"column":null}}]},"5":{"loc":{"start":{"line":60,"column":21},"end":{"line":60,"column":null}},"type":"cond-expr","locations":[{"start":{"line":60,"column":53},"end":{"line":60,"column":65}},{"start":{"line":60,"column":65},"end":{"line":60,"column":null}}]},"6":{"loc":{"start":{"line":75,"column":4},"end":{"line":75,"column":null}},"type":"if","locations":[{"start":{"line":75,"column":4},"end":{"line":75,"column":null}},{"start":{"line":75,"column":4},"end":{"line":75,"column":null}}]},"7":{"loc":{"start":{"line":79,"column":4},"end":{"line":97,"column":null}},"type":"if","locations":[{"start":{"line":79,"column":4},"end":{"line":97,"column":null}},{"start":{"line":94,"column":11},"end":{"line":97,"column":null}}]},"8":{"loc":{"start":{"line":80,"column":6},"end":{"line":93,"column":null}},"type":"switch","locations":[{"start":{"line":81,"column":8},"end":{"line":83,"column":null}},{"start":{"line":84,"column":8},"end":{"line":86,"column":null}},{"start":{"line":87,"column":8},"end":{"line":89,"column":null}},{"start":{"line":90,"column":8},"end":{"line":92,"column":null}}]},"9":{"loc":{"start":{"line":102,"column":4},"end":{"line":104,"column":null}},"type":"if","locations":[{"start":{"line":102,"column":4},"end":{"line":104,"column":null}},{"start":{"line":102,"column":4},"end":{"line":104,"column":null}}]},"10":{"loc":{"start":{"line":108,"column":4},"end":{"line":115,"column":null}},"type":"if","locations":[{"start":{"line":108,"column":4},"end":{"line":115,"column":null}},{"start":{"line":108,"column":4},"end":{"line":115,"column":null}}]},"11":{"loc":{"start":{"line":110,"column":6},"end":{"line":114,"column":null}},"type":"if","locations":[{"start":{"line":110,"column":6},"end":{"line":114,"column":null}},{"start":{"line":110,"column":6},"end":{"line":114,"column":null}}]}},"s":{"0":4,"1":4,"2":4,"3":4,"4":4,"5":4,"6":4,"7":32,"8":32,"9":24,"10":24,"11":24,"12":24,"13":24,"14":24,"15":12,"16":12,"17":12,"18":8,"19":4,"20":12,"21":0,"22":24,"23":32,"24":8,"25":24,"26":24,"27":0,"28":0,"29":0,"30":0,"31":0,"32":0,"33":0,"34":0,"35":0,"36":24,"37":4,"38":4,"39":0,"40":0,"41":0,"42":0,"43":0,"44":0,"45":8,"46":8,"47":4,"48":12,"49":4,"50":0,"51":4,"52":4},"f":{"0":4,"1":4,"2":4,"3":32,"4":24,"5":12,"6":32,"7":4,"8":0,"9":8,"10":8,"11":4,"12":12,"13":4,"14":0,"15":4},"b":{"0":[0,4],"1":[4,0],"2":[24,0],"3":[12,12],"4":[8,4],"5":[8,0],"6":[8,24],"7":[0,24],"8":[0,0,0,0],"9":[4,0],"10":[0,0],"11":[0,0]}}
,"C:/Users/johnn/UNI/4.Semester/Projekt 4/Projekt4_Frontend-WebApp/src/services/paycheckService.ts": {"path":"C:/Users/johnn/UNI/4.Semester/Projekt 4/Projekt4_Frontend-WebApp/src/services/paycheckService.ts","statementMap":{"0":{"start":{"line":17,"column":31},"end":{"line":36,"column":null}},"1":{"start":{"line":22,"column":4},"end":{"line":24,"column":null}},"2":{"start":{"line":23,"column":6},"end":{"line":23,"column":null}},"3":{"start":{"line":26,"column":24},"end":{"line":26,"column":null}},"4":{"start":{"line":27,"column":4},"end":{"line":27,"column":null}},"5":{"start":{"line":29,"column":4},"end":{"line":31,"column":null}},"6":{"start":{"line":30,"column":6},"end":{"line":30,"column":null}},"7":{"start":{"line":33,"column":4},"end":{"line":33,"column":null}}},"fnMap":{"0":{"name":"(anonymous_0)","decl":{"start":{"line":21,"column":19},"end":{"line":21,"column":26}},"loc":{"start":{"line":21,"column":90},"end":{"line":34,"column":null}}}},"branchMap":{"0":{"loc":{"start":{"line":22,"column":4},"end":{"line":24,"column":null}},"type":"if","locations":[{"start":{"line":22,"column":4},"end":{"line":24,"column":null}},{"start":{"line":22,"column":4},"end":{"line":24,"column":null}}]},"1":{"loc":{"start":{"line":29,"column":4},"end":{"line":31,"column":null}},"type":"if","locations":[{"start":{"line":29,"column":4},"end":{"line":31,"column":null}},{"start":{"line":29,"column":4},"end":{"line":31,"column":null}}]}},"s":{"0":1,"1":0,"2":0,"3":0,"4":0,"5":0,"6":0,"7":0},"f":{"0":0},"b":{"0":[0,0],"1":[0,0]}}
,"C:/Users/johnn/UNI/4.Semester/Projekt 4/Projekt4_Frontend-WebApp/src/services/suService.ts": {"path":"C:/Users/johnn/UNI/4.Semester/Projekt 4/Projekt4_Frontend-WebApp/src/services/suService.ts","statementMap":{"0":{"start":{"line":16,"column":27},"end":{"line":19,"column":null}},"1":{"start":{"line":24,"column":28},"end":{"line":27,"column":null}},"2":{"start":{"line":25,"column":15},"end":{"line":25,"column":null}},"3":{"start":{"line":26,"column":2},"end":{"line":26,"column":null}},"4":{"start":{"line":32,"column":30},"end":{"line":34,"column":null}},"5":{"start":{"line":33,"column":2},"end":{"line":33,"column":null}},"6":{"start":{"line":39,"column":37},"end":{"line":69,"column":null}},"7":{"start":{"line":41,"column":24},"end":{"line":41,"column":null}},"8":{"start":{"line":42,"column":21},"end":{"line":42,"column":null}},"9":{"start":{"line":43,"column":23},"end":{"line":43,"column":null}},"10":{"start":{"line":45,"column":2},"end":{"line":68,"column":null}},"11":{"start":{"line":47,"column":14},"end":{"line":47,"column":null}},"12":{"start":{"line":48,"column":16},"end":{"line":48,"column":null}},"13":{"start":{"line":50,"column":4},"end":{"line":56,"column":null}},"14":{"start":{"line":51,"column":6},"end":{"line":51,"column":null}},"15":{"start":{"line":52,"column":6},"end":{"line":52,"column":null}},"16":{"start":{"line":53,"column":4},"end":{"line":56,"column":null}},"17":{"start":{"line":54,"column":6},"end":{"line":54,"column":null}},"18":{"start":{"line":55,"column":6},"end":{"line":55,"column":null}},"19":{"start":{"line":58,"column":4},"end":{"line":67,"column":null}},"20":{"start":{"line":74,"column":31},"end":{"line":88,"column":null}},"21":{"start":{"line":79,"column":14},"end":{"line":79,"column":null}},"22":{"start":{"line":80,"column":16},"end":{"line":80,"column":null}},"23":{"start":{"line":82,"column":2},"end":{"line":87,"column":null}},"24":{"start":{"line":82,"column":30},"end":{"line":87,"column":4}},"25":{"start":{"line":93,"column":37},"end":{"line":97,"column":null}},"26":{"start":{"line":94,"column":22},"end":{"line":94,"column":null}},"27":{"start":{"line":94,"column":52},"end":{"line":94,"column":72}},"28":{"start":{"line":95,"column":21},"end":{"line":95,"column":null}},"29":{"start":{"line":95,"column":51},"end":{"line":95,"column":70}},"30":{"start":{"line":96,"column":2},"end":{"line":96,"column":null}}},"fnMap":{"0":{"name":"(anonymous_0)","decl":{"start":{"line":24,"column":28},"end":{"line":24,"column":29}},"loc":{"start":{"line":24,"column":73},"end":{"line":27,"column":null}}},"1":{"name":"(anonymous_1)","decl":{"start":{"line":32,"column":30},"end":{"line":32,"column":31}},"loc":{"start":{"line":32,"column":71},"end":{"line":34,"column":null}}},"2":{"name":"(anonymous_2)","decl":{"start":{"line":39,"column":37},"end":{"line":39,"column":58}},"loc":{"start":{"line":39,"column":58},"end":{"line":69,"column":null}}},"3":{"name":"(anonymous_3)","decl":{"start":{"line":45,"column":25},"end":{"line":45,"column":26}},"loc":{"start":{"line":45,"column":43},"end":{"line":68,"column":3}}},"4":{"name":"(anonymous_4)","decl":{"start":{"line":74,"column":31},"end":{"line":74,"column":null}},"loc":{"start":{"line":78,"column":20},"end":{"line":88,"column":null}}},"5":{"name":"(anonymous_5)","decl":{"start":{"line":82,"column":20},"end":{"line":82,"column":30}},"loc":{"start":{"line":82,"column":30},"end":{"line":87,"column":4}}},"6":{"name":"(anonymous_6)","decl":{"start":{"line":93,"column":37},"end":{"line":93,"column":38}},"loc":{"start":{"line":93,"column":64},"end":{"line":97,"column":null}}},"7":{"name":"(anonymous_7)","decl":{"start":{"line":94,"column":36},"end":{"line":94,"column":37}},"loc":{"start":{"line":94,"column":52},"end":{"line":94,"column":72}}},"8":{"name":"(anonymous_8)","decl":{"start":{"line":95,"column":35},"end":{"line":95,"column":36}},"loc":{"start":{"line":95,"column":51},"end":{"line":95,"column":70}}}},"branchMap":{"0":{"loc":{"start":{"line":25,"column":15},"end":{"line":25,"column":null}},"type":"cond-expr","locations":[{"start":{"line":25,"column":36},"end":{"line":25,"column":52}},{"start":{"line":25,"column":52},"end":{"line":25,"column":null}}]},"1":{"loc":{"start":{"line":50,"column":4},"end":{"line":56,"column":null}},"type":"if","locations":[{"start":{"line":50,"column":4},"end":{"line":56,"column":null}},{"start":{"line":53,"column":4},"end":{"line":56,"column":null}}]},"2":{"loc":{"start":{"line":53,"column":4},"end":{"line":56,"column":null}},"type":"if","locations":[{"start":{"line":53,"column":4},"end":{"line":56,"column":null}},{"start":{"line":53,"column":4},"end":{"line":56,"column":null}}]},"3":{"loc":{"start":{"line":53,"column":15},"end":{"line":53,"column":43}},"type":"binary-expr","locations":[{"start":{"line":53,"column":15},"end":{"line":53,"column":30}},{"start":{"line":53,"column":30},"end":{"line":53,"column":43}}]}},"s":{"0":3,"1":3,"2":0,"3":0,"4":3,"5":0,"6":3,"7":0,"8":0,"9":0,"10":0,"11":0,"12":0,"13":0,"14":0,"15":0,"16":0,"17":0,"18":0,"19":0,"20":3,"21":0,"22":0,"23":0,"24":0,"25":3,"26":0,"27":0,"28":0,"29":0,"30":0},"f":{"0":0,"1":0,"2":0,"3":0,"4":0,"5":0,"6":0,"7":0,"8":0},"b":{"0":[0,0],"1":[0,0],"2":[0,0],"3":[0,0]}}
,"C:/Users/johnn/UNI/4.Semester/Projekt 4/Projekt4_Frontend-WebApp/src/services/vacationPayService.ts": {"path":"C:/Users/johnn/UNI/4.Semester/Projekt 4/Projekt4_Frontend-WebApp/src/services/vacationPayService.ts","statementMap":{"0":{"start":{"line":8,"column":34},"end":{"line":41,"column":null}},"1":{"start":{"line":17,"column":4},"end":{"line":19,"column":null}},"2":{"start":{"line":18,"column":6},"end":{"line":18,"column":null}},"3":{"start":{"line":21,"column":4},"end":{"line":23,"column":null}},"4":{"start":{"line":22,"column":6},"end":{"line":22,"column":null}},"5":{"start":{"line":25,"column":4},"end":{"line":38,"column":null}},"6":{"start":{"line":27,"column":26},"end":{"line":27,"column":null}},"7":{"start":{"line":28,"column":6},"end":{"line":28,"column":null}},"8":{"start":{"line":29,"column":6},"end":{"line":29,"column":null}},"9":{"start":{"line":32,"column":6},"end":{"line":32,"column":null}},"10":{"start":{"line":34,"column":6},"end":{"line":34,"column":null}},"11":{"start":{"line":35,"column":6},"end":{"line":37,"column":null}}},"fnMap":{"0":{"name":"(anonymous_0)","decl":{"start":{"line":15,"column":23},"end":{"line":15,"column":30}},"loc":{"start":{"line":15,"column":94},"end":{"line":39,"column":null}}}},"branchMap":{"0":{"loc":{"start":{"line":17,"column":4},"end":{"line":19,"column":null}},"type":"if","locations":[{"start":{"line":17,"column":4},"end":{"line":19,"column":null}},{"start":{"line":17,"column":4},"end":{"line":19,"column":null}}]},"1":{"loc":{"start":{"line":17,"column":8},"end":{"line":17,"column":51}},"type":"binary-expr","locations":[{"start":{"line":17,"column":8},"end":{"line":17,"column":24}},{"start":{"line":17,"column":24},"end":{"line":17,"column":51}}]},"2":{"loc":{"start":{"line":21,"column":4},"end":{"line":23,"column":null}},"type":"if","locations":[{"start":{"line":21,"column":4},"end":{"line":23,"column":null}},{"start":{"line":21,"column":4},"end":{"line":23,"column":null}}]},"3":{"loc":{"start":{"line":21,"column":8},"end":{"line":21,"column":43}},"type":"binary-expr","locations":[{"start":{"line":21,"column":8},"end":{"line":21,"column":17}},{"start":{"line":21,"column":17},"end":{"line":21,"column":32}},{"start":{"line":21,"column":32},"end":{"line":21,"column":43}}]},"4":{"loc":{"start":{"line":35,"column":12},"end":{"line":37,"column":null}},"type":"cond-expr","locations":[{"start":{"line":36,"column":10},"end":{"line":36,"column":null}},{"start":{"line":37,"column":10},"end":{"line":37,"column":null}}]}},"s":{"0":3,"1":0,"2":0,"3":0,"4":0,"5":0,"6":0,"7":0,"8":0,"9":0,"10":0,"11":0},"f":{"0":0},"b":{"0":[0,0],"1":[0,0],"2":[0,0],"3":[0,0,0],"4":[0,0]}}
,"C:/Users/johnn/UNI/4.Semester/Projekt 4/Projekt4_Frontend-WebApp/src/services/workshiftService.ts": {"path":"C:/Users/johnn/UNI/4.Semester/Projekt 4/Projekt4_Frontend-WebApp/src/services/workshiftService.ts","statementMap":{"0":{"start":{"line":6,"column":31},"end":{"line":12,"column":null}},"1":{"start":{"line":8,"column":14},"end":{"line":8,"column":null}},"2":{"start":{"line":8,"column":31},"end":{"line":8,"column":null}},"3":{"start":{"line":10,"column":2},"end":{"line":11,"column":null}},"4":{"start":{"line":14,"column":32},"end":{"line":105,"column":null}},"5":{"start":{"line":17,"column":21},"end":{"line":17,"column":null}},"6":{"start":{"line":19,"column":4},"end":{"line":23,"column":null}},"7":{"start":{"line":19,"column":31},"end":{"line":23,"column":6}},"8":{"start":{"line":29,"column":21},"end":{"line":29,"column":null}},"9":{"start":{"line":31,"column":4},"end":{"line":38,"column":null}},"10":{"start":{"line":33,"column":6},"end":{"line":37,"column":null}},"11":{"start":{"line":40,"column":4},"end":{"line":40,"column":null}},"12":{"start":{"line":46,"column":24},"end":{"line":46,"column":null}},"13":{"start":{"line":47,"column":19},"end":{"line":47,"column":null}},"14":{"start":{"line":51,"column":24},"end":{"line":56,"column":null}},"15":{"start":{"line":58,"column":4},"end":{"line":72,"column":null}},"16":{"start":{"line":59,"column":6},"end":{"line":59,"column":null}},"17":{"start":{"line":61,"column":23},"end":{"line":61,"column":null}},"18":{"start":{"line":64,"column":6},"end":{"line":68,"column":null}},"19":{"start":{"line":70,"column":6},"end":{"line":70,"column":null}},"20":{"start":{"line":71,"column":6},"end":{"line":71,"column":null}},"21":{"start":{"line":78,"column":24},"end":{"line":78,"column":null}},"22":{"start":{"line":79,"column":19},"end":{"line":79,"column":null}},"23":{"start":{"line":83,"column":24},"end":{"line":88,"column":null}},"24":{"start":{"line":91,"column":21},"end":{"line":91,"column":null}},"25":{"start":{"line":94,"column":4},"end":{"line":98,"column":null}},"26":{"start":{"line":103,"column":4},"end":{"line":103,"column":null}}},"fnMap":{"0":{"name":"(anonymous_0)","decl":{"start":{"line":6,"column":31},"end":{"line":6,"column":32}},"loc":{"start":{"line":6,"column":55},"end":{"line":12,"column":null}}},"1":{"name":"(anonymous_1)","decl":{"start":{"line":8,"column":14},"end":{"line":8,"column":15}},"loc":{"start":{"line":8,"column":31},"end":{"line":8,"column":null}}},"2":{"name":"(anonymous_2)","decl":{"start":{"line":16,"column":21},"end":{"line":16,"column":28}},"loc":{"start":{"line":16,"column":69},"end":{"line":24,"column":null}}},"3":{"name":"(anonymous_3)","decl":{"start":{"line":19,"column":24},"end":{"line":19,"column":31}},"loc":{"start":{"line":19,"column":31},"end":{"line":23,"column":6}}},"4":{"name":"(anonymous_4)","decl":{"start":{"line":27,"column":20},"end":{"line":27,"column":27}},"loc":{"start":{"line":27,"column":69},"end":{"line":41,"column":null}}},"5":{"name":"(anonymous_5)","decl":{"start":{"line":44,"column":19},"end":{"line":44,"column":26}},"loc":{"start":{"line":44,"column":71},"end":{"line":73,"column":null}}},"6":{"name":"(anonymous_6)","decl":{"start":{"line":76,"column":19},"end":{"line":76,"column":26}},"loc":{"start":{"line":76,"column":83},"end":{"line":99,"column":null}}},"7":{"name":"(anonymous_7)","decl":{"start":{"line":102,"column":19},"end":{"line":102,"column":26}},"loc":{"start":{"line":102,"column":56},"end":{"line":104,"column":null}}}},"branchMap":{"0":{"loc":{"start":{"line":31,"column":4},"end":{"line":38,"column":null}},"type":"if","locations":[{"start":{"line":31,"column":4},"end":{"line":38,"column":null}},{"start":{"line":31,"column":4},"end":{"line":38,"column":null}}]},"1":{"loc":{"start":{"line":47,"column":19},"end":{"line":47,"column":null}},"type":"binary-expr","locations":[{"start":{"line":47,"column":19},"end":{"line":47,"column":38}},{"start":{"line":47,"column":38},"end":{"line":47,"column":null}}]},"2":{"loc":{"start":{"line":79,"column":19},"end":{"line":79,"column":null}},"type":"binary-expr","locations":[{"start":{"line":79,"column":19},"end":{"line":79,"column":38}},{"start":{"line":79,"column":38},"end":{"line":79,"column":null}}]}},"s":{"0":4,"1":20,"2":100,"3":20,"4":4,"5":4,"6":3,"7":2,"8":3,"9":2,"10":1,"11":1,"12":6,"13":6,"14":6,"15":6,"16":6,"17":6,"18":5,"19":1,"20":1,"21":4,"22":4,"23":4,"24":4,"25":3,"26":2},"f":{"0":20,"1":100,"2":4,"3":2,"4":3,"5":6,"6":4,"7":2},"b":{"0":[1,1],"1":[6,1],"2":[4,1]}}
}
